# JRE version: OpenJDK Runtime Environment Temurin-21.0.7+6 (21.0.7+6) (build 21.0.7+6-LTS)
# Java VM: OpenJDK 64-Bit Server VM Temurin-21.0.7+6 (21.0.7+6-LTS, mixed mode, sharing, tiered, compressed oops, compressed class ptrs, g1 gc, windows-amd64)
GC Precious Log:
 CardTable entry size: 512
 Card Set container configuration: InlinePtr #cards 5 size 8 Array Of Cards #cards 12 size 40 Howl #buckets 4 coarsen threshold 1843 Howl Bitmap #cards 512 size 80 coarsen threshold 460 Card regions per heap region 1 cards per card region 2048
 CPUs: 8 total, 8 available
 Memory: 3738M
 Large Page Support: Disabled
 NUMA Support: Disabled
 Compressed Oops: Enabled (32-bit)
 Heap Region Size: 1M
 Heap Min Capacity: 8M
 Heap Initial Capacity: 60M
 Heap Max Capacity: 2G
 Pre-touch: Disabled
 Parallel Workers: 8
 Concurrent Workers: 2
 Concurrent Refinement Workers: 8
 Periodic GC: Disabled
Heap:
 garbage-first heap   total 162816K, used 93610K [0x0000000080000000, 0x0000000100000000)
  region size 1024K, 9 young (9216K), 4 survivors (4096K)
 Metaspace       used 78306K, committed 80640K, reserved 1179648K
  class space    used 10797K, committed 11968K, reserved 1048576K
GC Heap History (20 events):
Event: 24.551 GC heap before
{Heap before GC invocations=30 (full 0):
 garbage-first heap   total 94208K, used 71415K [0x0000000080000000, 0x0000000100000000)
  region size 1024K, 19 young (19456K), 3 survivors (3072K)
 Metaspace       used 58653K, committed 60800K, reserved 1114112K
  class space    used 8392K, committed 9472K, reserved 1048576K
}
Event: 24.556 GC heap after
{Heap after GC invocations=31 (full 0):
 garbage-first heap   total 113664K, used 57227K [0x0000000080000000, 0x0000000100000000)
  region size 1024K, 3 young (3072K), 3 survivors (3072K)
 Metaspace       used 58653K, committed 60800K, reserved 1114112K
  class space    used 8392K, committed 9472K, reserved 1048576K
}
Event: 26.351 GC heap before
{Heap before GC invocations=31 (full 0):
 garbage-first heap   total 113664K, used 97163K [0x0000000080000000, 0x0000000100000000)
  region size 1024K, 43 young (44032K), 3 survivors (3072K)
 Metaspace       used 58796K, committed 60928K, reserved 1114112K
  class space    used 8392K, committed 9472K, reserved 1048576K
}
Event: 26.363 GC heap after
{Heap after GC invocations=32 (full 0):
 garbage-first heap   total 113664K, used 58766K [0x0000000080000000, 0x0000000100000000)
  region size 1024K, 6 young (6144K), 6 survivors (6144K)
 Metaspace       used 58796K, committed 60928K, reserved 1114112K
  class space    used 8392K, committed 9472K, reserved 1048576K
}
Event: 28.417 GC heap before
{Heap before GC invocations=32 (full 0):
 garbage-first heap   total 113664K, used 93582K [0x0000000080000000, 0x0000000100000000)
  region size 1024K, 41 young (41984K), 6 survivors (6144K)
 Metaspace       used 59237K, committed 61440K, reserved 1114112K
  class space    used 8445K, committed 9536K, reserved 1048576K
}
Event: 28.437 GC heap after
{Heap after GC invocations=33 (full 0):
 garbage-first heap   total 113664K, used 61642K [0x0000000080000000, 0x0000000100000000)
  region size 1024K, 5 young (5120K), 5 survivors (5120K)
 Metaspace       used 59237K, committed 61440K, reserved 1114112K
  class space    used 8445K, committed 9536K, reserved 1048576K
}
Event: 31.091 GC heap before
{Heap before GC invocations=34 (full 0):
 garbage-first heap   total 113664K, used 107722K [0x0000000080000000, 0x0000000100000000)
  region size 1024K, 42 young (43008K), 5 survivors (5120K)
 Metaspace       used 61267K, committed 63488K, reserved 1114112K
  class space    used 8695K, committed 9792K, reserved 1048576K
}
Event: 31.145 GC heap after
{Heap after GC invocations=35 (full 0):
 garbage-first heap   total 120832K, used 76630K [0x0000000080000000, 0x0000000100000000)
  region size 1024K, 6 young (6144K), 6 survivors (6144K)
 Metaspace       used 61267K, committed 63488K, reserved 1114112K
  class space    used 8695K, committed 9792K, reserved 1048576K
}
Event: 32.346 GC heap before
{Heap before GC invocations=35 (full 0):
 garbage-first heap   total 120832K, used 106326K [0x0000000080000000, 0x0000000100000000)
  region size 1024K, 36 young (36864K), 6 survivors (6144K)
 Metaspace       used 63986K, committed 66176K, reserved 1114112K
  class space    used 8978K, committed 10048K, reserved 1048576K
}
Event: 32.366 GC heap after
{Heap after GC invocations=36 (full 0):
 garbage-first heap   total 120832K, used 76093K [0x0000000080000000, 0x0000000100000000)
  region size 1024K, 1 young (1024K), 1 survivors (1024K)
 Metaspace       used 63986K, committed 66176K, reserved 1114112K
  class space    used 8978K, committed 10048K, reserved 1048576K
}
Event: 34.389 GC heap before
{Heap before GC invocations=36 (full 0):
 garbage-first heap   total 120832K, used 107837K [0x0000000080000000, 0x0000000100000000)
  region size 1024K, 33 young (33792K), 1 survivors (1024K)
 Metaspace       used 67329K, committed 69568K, reserved 1114112K
  class space    used 9381K, committed 10496K, reserved 1048576K
}
Event: 34.440 GC heap after
{Heap after GC invocations=37 (full 0):
 garbage-first heap   total 120832K, used 77076K [0x0000000080000000, 0x0000000100000000)
  region size 1024K, 2 young (2048K), 2 survivors (2048K)
 Metaspace       used 67329K, committed 69568K, reserved 1114112K
  class space    used 9381K, committed 10496K, reserved 1048576K
}
Event: 35.732 GC heap before
{Heap before GC invocations=38 (full 0):
 garbage-first heap   total 133120K, used 110868K [0x0000000080000000, 0x0000000100000000)
  region size 1024K, 34 young (34816K), 2 survivors (2048K)
 Metaspace       used 70879K, committed 73152K, reserved 1114112K
  class space    used 9838K, committed 10944K, reserved 1048576K
}
Event: 35.738 GC heap after
{Heap after GC invocations=39 (full 0):
 garbage-first heap   total 133120K, used 80666K [0x0000000080000000, 0x0000000100000000)
  region size 1024K, 4 young (4096K), 4 survivors (4096K)
 Metaspace       used 70879K, committed 73152K, reserved 1114112K
  class space    used 9838K, committed 10944K, reserved 1048576K
}
Event: 36.413 GC heap before
{Heap before GC invocations=39 (full 0):
 garbage-first heap   total 133120K, used 124698K [0x0000000080000000, 0x0000000100000000)
  region size 1024K, 43 young (44032K), 4 survivors (4096K)
 Metaspace       used 74003K, committed 76352K, reserved 1114112K
  class space    used 10231K, committed 11392K, reserved 1048576K
}
Event: 36.427 GC heap after
{Heap after GC invocations=40 (full 0):
 garbage-first heap   total 135168K, used 86736K [0x0000000080000000, 0x0000000100000000)
  region size 1024K, 6 young (6144K), 6 survivors (6144K)
 Metaspace       used 74003K, committed 76352K, reserved 1114112K
  class space    used 10231K, committed 11392K, reserved 1048576K
}
Event: 36.481 GC heap before
{Heap before GC invocations=40 (full 0):
 garbage-first heap   total 135168K, used 91856K [0x0000000080000000, 0x0000000100000000)
  region size 1024K, 12 young (12288K), 6 survivors (6144K)
 Metaspace       used 74007K, committed 76352K, reserved 1114112K
  class space    used 10231K, committed 11392K, reserved 1048576K
}
Event: 36.488 GC heap after
{Heap after GC invocations=41 (full 0):
 garbage-first heap   total 162816K, used 86447K [0x0000000080000000, 0x0000000100000000)
  region size 1024K, 2 young (2048K), 2 survivors (2048K)
 Metaspace       used 74007K, committed 76352K, reserved 1114112K
  class space    used 10231K, committed 11392K, reserved 1048576K
}
Event: 37.275 GC heap before
{Heap before GC invocations=41 (full 0):
 garbage-first heap   total 162816K, used 147887K [0x0000000080000000, 0x0000000100000000)
  region size 1024K, 61 young (62464K), 2 survivors (2048K)
 Metaspace       used 78051K, committed 80384K, reserved 1179648K
  class space    used 10757K, committed 11904K, reserved 1048576K
}
Event: 37.279 GC heap after
{Heap after GC invocations=42 (full 0):
 garbage-first heap   total 162816K, used 89514K [0x0000000080000000, 0x0000000100000000)
  region size 1024K, 4 young (4096K), 4 survivors (4096K)
 Metaspace       used 78051K, committed 80384K, reserved 1179648K
  class space    used 10757K, committed 11904K, reserved 1048576K
}

