# JRE version: OpenJDK Runtime Environment Temurin-17.0.18+8 (17.0.18+8) (build 17.0.18+8)
# Java VM: OpenJDK 64-Bit Server VM Temurin-17.0.18+8 (17.0.18+8, mixed mode, sharing, tiered, compressed oops, compressed class ptrs, g1 gc, windows-amd64)
GC Precious Log:
 CPUs: 8 total, 8 available
 Memory: 3738M
 Large Page Support: Disabled
 NUMA Support: Disabled
 Compressed Oops: Enabled (32-bit)
 Heap Region Size: 1M
 Heap Min Capacity: 8M
 Heap Initial Capacity: 60M
 Heap Max Capacity: 2G
 Pre-touch: Disabled
 Parallel Workers: 8
 Concurrent Workers: 2
 Concurrent Refinement Workers: 8
 Periodic GC: Disabled
Heap:
 garbage-first heap   total 168960K, used 102259K [0x0000000080000000, 0x0000000100000000)
  region size 1024K, 12 young (12288K), 1 survivors (1024K)
 Metaspace       used 86334K, committed 87104K, reserved 1179648K
  class space    used 11485K, committed 11840K, reserved 1048576K
GC Heap History (20 events):
Event: 12.218 GC heap before
{Heap before GC invocations=30 (full 0):
 garbage-first heap   total 104448K, used 79999K [0x0000000080000000, 0x0000000100000000)
  region size 1024K, 35 young (35840K), 6 survivors (6144K)
 Metaspace       used 57239K, committed 57984K, reserved 1114112K
  class space    used 8358K, committed 8704K, reserved 1048576K
}
Event: 12.232 GC heap after
{Heap after GC invocations=31 (full 0):
 garbage-first heap   total 104448K, used 60514K [0x0000000080000000, 0x0000000100000000)
  region size 1024K, 5 young (5120K), 5 survivors (5120K)
 Metaspace       used 57239K, committed 57984K, reserved 1114112K
  class space    used 8358K, committed 8704K, reserved 1048576K
}
Event: 12.829 GC heap before
{Heap before GC invocations=31 (full 0):
 garbage-first heap   total 104448K, used 79970K [0x0000000080000000, 0x0000000100000000)
  region size 1024K, 24 young (24576K), 5 survivors (5120K)
 Metaspace       used 59285K, committed 60096K, reserved 1114112K
  class space    used 8592K, committed 8960K, reserved 1048576K
}
Event: 12.842 GC heap after
{Heap after GC invocations=32 (full 0):
 garbage-first heap   total 104448K, used 63561K [0x0000000080000000, 0x0000000100000000)
  region size 1024K, 2 young (2048K), 2 survivors (2048K)
 Metaspace       used 59285K, committed 60096K, reserved 1114112K
  class space    used 8592K, committed 8960K, reserved 1048576K
}
Event: 13.087 GC heap before
{Heap before GC invocations=33 (full 0):
 garbage-first heap   total 116736K, used 80969K [0x0000000080000000, 0x0000000100000000)
  region size 1024K, 20 young (20480K), 2 survivors (2048K)
 Metaspace       used 61644K, committed 62464K, reserved 1114112K
  class space    used 8830K, committed 9216K, reserved 1048576K
}
Event: 13.091 GC heap after
{Heap after GC invocations=34 (full 0):
 garbage-first heap   total 116736K, used 63704K [0x0000000080000000, 0x0000000100000000)
  region size 1024K, 2 young (2048K), 2 survivors (2048K)
 Metaspace       used 61644K, committed 62464K, reserved 1114112K
  class space    used 8830K, committed 9216K, reserved 1048576K
}
Event: 13.446 GC heap before
{Heap before GC invocations=34 (full 0):
 garbage-first heap   total 116736K, used 90328K [0x0000000080000000, 0x0000000100000000)
  region size 1024K, 28 young (28672K), 2 survivors (2048K)
 Metaspace       used 64546K, committed 65344K, reserved 1114112K
  class space    used 9165K, committed 9536K, reserved 1048576K
}
Event: 13.453 GC heap after
{Heap after GC invocations=35 (full 0):
 garbage-first heap   total 158720K, used 64558K [0x0000000080000000, 0x0000000100000000)
  region size 1024K, 3 young (3072K), 3 survivors (3072K)
 Metaspace       used 64546K, committed 65344K, reserved 1114112K
  class space    used 9165K, committed 9536K, reserved 1048576K
}
Event: 14.100 GC heap before
{Heap before GC invocations=36 (full 0):
 garbage-first heap   total 158720K, used 115758K [0x0000000080000000, 0x0000000100000000)
  region size 1024K, 54 young (55296K), 3 survivors (3072K)
 Metaspace       used 69891K, committed 70720K, reserved 1114112K
  class space    used 9639K, committed 9984K, reserved 1048576K
}
Event: 14.106 GC heap after
{Heap after GC invocations=37 (full 0):
 garbage-first heap   total 158720K, used 68371K [0x0000000080000000, 0x0000000100000000)
  region size 1024K, 7 young (7168K), 7 survivors (7168K)
 Metaspace       used 69891K, committed 70720K, reserved 1114112K
  class space    used 9639K, committed 9984K, reserved 1048576K
}
Event: 14.705 GC heap before
{Heap before GC invocations=37 (full 0):
 garbage-first heap   total 158720K, used 115475K [0x0000000080000000, 0x0000000100000000)
  region size 1024K, 54 young (55296K), 7 survivors (7168K)
 Metaspace       used 75333K, committed 76096K, reserved 1114112K
  class space    used 10224K, committed 10560K, reserved 1048576K
}
Event: 14.713 GC heap after
{Heap after GC invocations=38 (full 0):
 garbage-first heap   total 158720K, used 72429K [0x0000000080000000, 0x0000000100000000)
  region size 1024K, 5 young (5120K), 5 survivors (5120K)
 Metaspace       used 75333K, committed 76096K, reserved 1114112K
  class space    used 10224K, committed 10560K, reserved 1048576K
}
Event: 15.297 GC heap before
{Heap before GC invocations=38 (full 0):
 garbage-first heap   total 158720K, used 120557K [0x0000000080000000, 0x0000000100000000)
  region size 1024K, 52 young (53248K), 5 survivors (5120K)
 Metaspace       used 80543K, committed 81344K, reserved 1179648K
  class space    used 10841K, committed 11200K, reserved 1048576K
}
Event: 15.304 GC heap after
{Heap after GC invocations=39 (full 0):
 garbage-first heap   total 158720K, used 76658K [0x0000000080000000, 0x0000000100000000)
  region size 1024K, 5 young (5120K), 5 survivors (5120K)
 Metaspace       used 80543K, committed 81344K, reserved 1179648K
  class space    used 10841K, committed 11200K, reserved 1048576K
}
Event: 15.722 GC heap before
{Heap before GC invocations=39 (full 0):
 garbage-first heap   total 158720K, used 101234K [0x0000000080000000, 0x0000000100000000)
  region size 1024K, 30 young (30720K), 5 survivors (5120K)
 Metaspace       used 83233K, committed 84032K, reserved 1179648K
  class space    used 11155K, committed 11520K, reserved 1048576K
}
Event: 15.727 GC heap after
{Heap after GC invocations=40 (full 0):
 garbage-first heap   total 158720K, used 78512K [0x0000000080000000, 0x0000000100000000)
  region size 1024K, 2 young (2048K), 2 survivors (2048K)
 Metaspace       used 83233K, committed 84032K, reserved 1179648K
  class space    used 11155K, committed 11520K, reserved 1048576K
}
Event: 16.128 GC heap before
{Heap before GC invocations=41 (full 0):
 garbage-first heap   total 168960K, used 126640K [0x0000000080000000, 0x0000000100000000)
  region size 1024K, 49 young (50176K), 2 survivors (2048K)
 Metaspace       used 85399K, committed 86208K, reserved 1179648K
  class space    used 11370K, committed 11712K, reserved 1048576K
}
Event: 16.136 GC heap after
{Heap after GC invocations=42 (full 0):
 garbage-first heap   total 168960K, used 91102K [0x0000000080000000, 0x0000000100000000)
  region size 1024K, 7 young (7168K), 7 survivors (7168K)
 Metaspace       used 85399K, committed 86208K, reserved 1179648K
  class space    used 11370K, committed 11712K, reserved 1048576K
}
Event: 16.146 GC heap before
{Heap before GC invocations=42 (full 0):
 garbage-first heap   total 168960K, used 92126K [0x0000000080000000, 0x0000000100000000)
  region size 1024K, 8 young (8192K), 7 survivors (7168K)
 Metaspace       used 85514K, committed 86336K, reserved 1179648K
  class space    used 11384K, committed 11776K, reserved 1048576K
}
Event: 16.151 GC heap after
{Heap after GC invocations=43 (full 0):
 garbage-first heap   total 168960K, used 92019K [0x0000000080000000, 0x0000000100000000)
  region size 1024K, 1 young (1024K), 1 survivors (1024K)
 Metaspace       used 85514K, committed 86336K, reserved 1179648K
  class space    used 11384K, committed 11776K, reserved 1048576K
}

