# JRE version: OpenJDK Runtime Environment Temurin-17.0.18+8 (17.0.18+8) (build 17.0.18+8)
# Java VM: OpenJDK 64-Bit Server VM Temurin-17.0.18+8 (17.0.18+8, mixed mode, sharing, tiered, compressed oops, compressed class ptrs, g1 gc, windows-amd64)
GC Precious Log:
 CPUs: 8 total, 8 available
 Memory: 3738M
 Large Page Support: Disabled
 NUMA Support: Disabled
 Compressed Oops: Enabled (32-bit)
 Heap Region Size: 1M
 Heap Min Capacity: 8M
 Heap Initial Capacity: 60M
 Heap Max Capacity: 2G
 Pre-touch: Disabled
 Parallel Workers: 8
 Concurrent Workers: 2
 Concurrent Refinement Workers: 8
 Periodic GC: Disabled
Heap:
 garbage-first heap   total 159744K, used 86569K [0x0000000080000000, 0x0000000100000000)
  region size 1024K, 1 young (1024K), 1 survivors (1024K)
 Metaspace       used 78021K, committed 78912K, reserved 1179648K
  class space    used 10799K, committed 11200K, reserved 1048576K
GC Heap History (20 events):
Event: 25.167 GC heap after
{Heap after GC invocations=44 (full 0):
 garbage-first heap   total 124928K, used 70103K [0x0000000080000000, 0x0000000100000000)
  region size 1024K, 2 young (2048K), 2 survivors (2048K)
 Metaspace       used 57500K, committed 58368K, reserved 1114112K
  class space    used 8127K, committed 8576K, reserved 1048576K
}
Event: 25.275 GC heap before
{Heap before GC invocations=44 (full 0):
 garbage-first heap   total 124928K, used 74199K [0x0000000080000000, 0x0000000100000000)
  region size 1024K, 6 young (6144K), 2 survivors (2048K)
 Metaspace       used 57797K, committed 58688K, reserved 1114112K
  class space    used 8166K, committed 8576K, reserved 1048576K
}
Event: 25.283 GC heap after
{Heap after GC invocations=45 (full 0):
 garbage-first heap   total 124928K, used 70464K [0x0000000080000000, 0x0000000100000000)
  region size 1024K, 1 young (1024K), 1 survivors (1024K)
 Metaspace       used 57797K, committed 58688K, reserved 1114112K
  class space    used 8166K, committed 8576K, reserved 1048576K
}
Event: 26.057 GC heap before
{Heap before GC invocations=45 (full 0):
 garbage-first heap   total 124928K, used 95040K [0x0000000080000000, 0x0000000100000000)
  region size 1024K, 25 young (25600K), 1 survivors (1024K)
 Metaspace       used 59919K, committed 60800K, reserved 1114112K
  class space    used 8381K, committed 8768K, reserved 1048576K
}
Event: 26.062 GC heap after
{Heap after GC invocations=46 (full 0):
 garbage-first heap   total 159744K, used 70990K [0x0000000080000000, 0x0000000100000000)
  region size 1024K, 1 young (1024K), 1 survivors (1024K)
 Metaspace       used 59919K, committed 60800K, reserved 1114112K
  class space    used 8381K, committed 8768K, reserved 1048576K
}
Event: 27.531 GC heap before
{Heap before GC invocations=47 (full 0):
 garbage-first heap   total 159744K, used 120142K [0x0000000080000000, 0x0000000100000000)
  region size 1024K, 47 young (48128K), 1 survivors (1024K)
 Metaspace       used 64074K, committed 64960K, reserved 1114112K
  class space    used 8914K, committed 9344K, reserved 1048576K
}
Event: 27.538 GC heap after
{Heap after GC invocations=48 (full 0):
 garbage-first heap   total 159744K, used 74630K [0x0000000080000000, 0x0000000100000000)
  region size 1024K, 3 young (3072K), 3 survivors (3072K)
 Metaspace       used 64074K, committed 64960K, reserved 1114112K
  class space    used 8914K, committed 9344K, reserved 1048576K
}
Event: 27.636 GC heap before
{Heap before GC invocations=48 (full 0):
 garbage-first heap   total 159744K, used 78726K [0x0000000080000000, 0x0000000100000000)
  region size 1024K, 7 young (7168K), 3 survivors (3072K)
 Metaspace       used 64565K, committed 65472K, reserved 1114112K
  class space    used 8973K, committed 9408K, reserved 1048576K
}
Event: 27.652 GC heap after
{Heap after GC invocations=49 (full 0):
 garbage-first heap   total 159744K, used 74632K [0x0000000080000000, 0x0000000100000000)
  region size 1024K, 1 young (1024K), 1 survivors (1024K)
 Metaspace       used 64565K, committed 65472K, reserved 1114112K
  class space    used 8973K, committed 9408K, reserved 1048576K
}
Event: 29.046 GC heap before
{Heap before GC invocations=49 (full 0):
 garbage-first heap   total 159744K, used 124808K [0x0000000080000000, 0x0000000100000000)
  region size 1024K, 51 young (52224K), 1 survivors (1024K)
 Metaspace       used 69534K, committed 70464K, reserved 1114112K
  class space    used 9606K, committed 10048K, reserved 1048576K
}
Event: 29.053 GC heap after
{Heap after GC invocations=50 (full 0):
 garbage-first heap   total 159744K, used 77737K [0x0000000080000000, 0x0000000100000000)
  region size 1024K, 4 young (4096K), 4 survivors (4096K)
 Metaspace       used 69534K, committed 70464K, reserved 1114112K
  class space    used 9606K, committed 10048K, reserved 1048576K
}
Event: 29.995 GC heap before
{Heap before GC invocations=51 (full 0):
 garbage-first heap   total 159744K, used 132009K [0x0000000080000000, 0x0000000100000000)
  region size 1024K, 52 young (53248K), 4 survivors (4096K)
 Metaspace       used 71947K, committed 72832K, reserved 1114112K
  class space    used 9945K, committed 10368K, reserved 1048576K
}
Event: 30.007 GC heap after
{Heap after GC invocations=52 (full 0):
 garbage-first heap   total 159744K, used 82358K [0x0000000080000000, 0x0000000100000000)
  region size 1024K, 7 young (7168K), 7 survivors (7168K)
 Metaspace       used 71947K, committed 72832K, reserved 1114112K
  class space    used 9945K, committed 10368K, reserved 1048576K
}
Event: 30.035 GC heap before
{Heap before GC invocations=52 (full 0):
 garbage-first heap   total 159744K, used 83382K [0x0000000080000000, 0x0000000100000000)
  region size 1024K, 8 young (8192K), 7 survivors (7168K)
 Metaspace       used 72010K, committed 72896K, reserved 1114112K
  class space    used 9953K, committed 10368K, reserved 1048576K
}
Event: 30.160 GC heap after
{Heap after GC invocations=53 (full 0):
 garbage-first heap   total 159744K, used 83319K [0x0000000080000000, 0x0000000100000000)
  region size 1024K, 1 young (1024K), 1 survivors (1024K)
 Metaspace       used 72010K, committed 72896K, reserved 1114112K
  class space    used 9953K, committed 10368K, reserved 1048576K
}
Event: 31.209 GC heap before
{Heap before GC invocations=53 (full 0):
 garbage-first heap   total 159744K, used 127351K [0x0000000080000000, 0x0000000100000000)
  region size 1024K, 45 young (46080K), 1 survivors (1024K)
 Metaspace       used 74717K, committed 75712K, reserved 1114112K
  class space    used 10287K, committed 10752K, reserved 1048576K
}
Event: 31.215 GC heap after
{Heap after GC invocations=54 (full 0):
 garbage-first heap   total 159744K, used 84849K [0x0000000080000000, 0x0000000100000000)
  region size 1024K, 3 young (3072K), 3 survivors (3072K)
 Metaspace       used 74717K, committed 75712K, reserved 1114112K
  class space    used 10287K, committed 10752K, reserved 1048576K
}
Event: 32.236 GC heap before
{Heap before GC invocations=55 (full 0):
 garbage-first heap   total 159744K, used 129905K [0x0000000080000000, 0x0000000100000000)
  region size 1024K, 47 young (48128K), 3 survivors (3072K)
 Metaspace       used 77794K, committed 78784K, reserved 1179648K
  class space    used 10750K, committed 11200K, reserved 1048576K
}
Event: 32.246 GC heap after
{Heap after GC invocations=56 (full 0):
 garbage-first heap   total 159744K, used 86316K [0x0000000080000000, 0x0000000100000000)
  region size 1024K, 4 young (4096K), 4 survivors (4096K)
 Metaspace       used 77794K, committed 78784K, reserved 1179648K
  class space    used 10750K, committed 11200K, reserved 1048576K
}
Event: 32.333 GC heap before
{Heap before GC invocations=56 (full 0):
 garbage-first heap   total 159744K, used 88364K [0x0000000080000000, 0x0000000100000000)
  region size 1024K, 7 young (7168K), 4 survivors (4096K)
 Metaspace       used 78021K, committed 78912K, reserved 1179648K
  class space    used 10799K, committed 11200K, reserved 1048576K
}

