# JRE version: OpenJDK Runtime Environment Temurin-17.0.18+8 (17.0.18+8) (build 17.0.18+8)
# Java VM: OpenJDK 64-Bit Server VM Temurin-17.0.18+8 (17.0.18+8, mixed mode, sharing, tiered, compressed oops, compressed class ptrs, g1 gc, windows-amd64)
GC Precious Log:
 CPUs: 8 total, 8 available
 Memory: 3738M
 Large Page Support: Disabled
 NUMA Support: Disabled
 Compressed Oops: Enabled (32-bit)
 Heap Region Size: 1M
 Heap Min Capacity: 8M
 Heap Initial Capacity: 60M
 Heap Max Capacity: 2G
 Pre-touch: Disabled
 Parallel Workers: 8
 Concurrent Workers: 2
 Concurrent Refinement Workers: 8
 Periodic GC: Disabled
Heap:
 garbage-first heap   total 173056K, used 80901K [0x0000000080000000, 0x0000000100000000)
  region size 1024K, 15 young (15360K), 7 survivors (7168K)
 Metaspace       used 66825K, committed 67776K, reserved 1114112K
  class space    used 9287K, committed 9792K, reserved 1048576K
GC Heap History (20 events):
Event: 13.471 GC heap before
{Heap before GC invocations=17 (full 0):
 garbage-first heap   total 94208K, used 35956K [0x0000000080000000, 0x0000000100000000)
  region size 1024K, 6 young (6144K), 5 survivors (5120K)
 Metaspace       used 39662K, committed 40320K, reserved 1114112K
  class space    used 5698K, committed 6016K, reserved 1048576K
}
Event: 13.485 GC heap after
{Heap after GC invocations=18 (full 0):
 garbage-first heap   total 94208K, used 35309K [0x0000000080000000, 0x0000000100000000)
  region size 1024K, 1 young (1024K), 1 survivors (1024K)
 Metaspace       used 39662K, committed 40320K, reserved 1114112K
  class space    used 5698K, committed 6016K, reserved 1048576K
}
Event: 14.446 GC heap before
{Heap before GC invocations=18 (full 0):
 garbage-first heap   total 94208K, used 75245K [0x0000000080000000, 0x0000000100000000)
  region size 1024K, 39 young (39936K), 1 survivors (1024K)
 Metaspace       used 41217K, committed 41920K, reserved 1114112K
  class space    used 5905K, committed 6208K, reserved 1048576K
}
Event: 14.451 GC heap after
{Heap after GC invocations=19 (full 0):
 garbage-first heap   total 94208K, used 39952K [0x0000000080000000, 0x0000000100000000)
  region size 1024K, 4 young (4096K), 4 survivors (4096K)
 Metaspace       used 41217K, committed 41920K, reserved 1114112K
  class space    used 5905K, committed 6208K, reserved 1048576K
}
Event: 15.173 GC heap before
{Heap before GC invocations=19 (full 0):
 garbage-first heap   total 94208K, used 72720K [0x0000000080000000, 0x0000000100000000)
  region size 1024K, 37 young (37888K), 4 survivors (4096K)
 Metaspace       used 42808K, committed 43520K, reserved 1114112K
  class space    used 6157K, committed 6464K, reserved 1048576K
}
Event: 15.180 GC heap after
{Heap after GC invocations=20 (full 0):
 garbage-first heap   total 94208K, used 40891K [0x0000000080000000, 0x0000000100000000)
  region size 1024K, 1 young (1024K), 1 survivors (1024K)
 Metaspace       used 42808K, committed 43520K, reserved 1114112K
  class space    used 6157K, committed 6464K, reserved 1048576K
}
Event: 16.079 GC heap before
{Heap before GC invocations=20 (full 0):
 garbage-first heap   total 94208K, used 75707K [0x0000000080000000, 0x0000000100000000)
  region size 1024K, 35 young (35840K), 1 survivors (1024K)
 Metaspace       used 46742K, committed 47488K, reserved 1114112K
  class space    used 6698K, committed 7040K, reserved 1048576K
}
Event: 16.088 GC heap after
{Heap after GC invocations=21 (full 0):
 garbage-first heap   total 94208K, used 42059K [0x0000000080000000, 0x0000000100000000)
  region size 1024K, 3 young (3072K), 3 survivors (3072K)
 Metaspace       used 46742K, committed 47488K, reserved 1114112K
  class space    used 6698K, committed 7040K, reserved 1048576K
}
Event: 17.119 GC heap before
{Heap before GC invocations=21 (full 0):
 garbage-first heap   total 94208K, used 75851K [0x0000000080000000, 0x0000000100000000)
  region size 1024K, 36 young (36864K), 3 survivors (3072K)
 Metaspace       used 50631K, committed 51392K, reserved 1114112K
  class space    used 7282K, committed 7616K, reserved 1048576K
}
Event: 17.128 GC heap after
{Heap after GC invocations=22 (full 0):
 garbage-first heap   total 94208K, used 43536K [0x0000000080000000, 0x0000000100000000)
  region size 1024K, 4 young (4096K), 4 survivors (4096K)
 Metaspace       used 50631K, committed 51392K, reserved 1114112K
  class space    used 7282K, committed 7616K, reserved 1048576K
}
Event: 18.320 GC heap before
{Heap before GC invocations=22 (full 0):
 garbage-first heap   total 94208K, used 77328K [0x0000000080000000, 0x0000000100000000)
  region size 1024K, 37 young (37888K), 4 survivors (4096K)
 Metaspace       used 54223K, committed 55040K, reserved 1114112K
  class space    used 7811K, committed 8192K, reserved 1048576K
}
Event: 18.346 GC heap after
{Heap after GC invocations=23 (full 0):
 garbage-first heap   total 94208K, used 45186K [0x0000000080000000, 0x0000000100000000)
  region size 1024K, 4 young (4096K), 4 survivors (4096K)
 Metaspace       used 54223K, committed 55040K, reserved 1114112K
  class space    used 7811K, committed 8192K, reserved 1048576K
}
Event: 19.403 GC heap before
{Heap before GC invocations=23 (full 0):
 garbage-first heap   total 94208K, used 75906K [0x0000000080000000, 0x0000000100000000)
  region size 1024K, 35 young (35840K), 4 survivors (4096K)
 Metaspace       used 54795K, committed 55616K, reserved 1114112K
  class space    used 7847K, committed 8256K, reserved 1048576K
}
Event: 19.425 GC heap after
{Heap after GC invocations=24 (full 0):
 garbage-first heap   total 173056K, used 48263K [0x0000000080000000, 0x0000000100000000)
  region size 1024K, 5 young (5120K), 5 survivors (5120K)
 Metaspace       used 54795K, committed 55616K, reserved 1114112K
  class space    used 7847K, committed 8256K, reserved 1048576K
}
Event: 22.060 GC heap before
{Heap before GC invocations=24 (full 0):
 garbage-first heap   total 173056K, used 145543K [0x0000000080000000, 0x0000000100000000)
  region size 1024K, 94 young (96256K), 5 survivors (5120K)
 Metaspace       used 55606K, committed 56384K, reserved 1114112K
  class space    used 7898K, committed 8256K, reserved 1048576K
}
Event: 22.094 GC heap after
{Heap after GC invocations=25 (full 0):
 garbage-first heap   total 173056K, used 62872K [0x0000000080000000, 0x0000000100000000)
  region size 1024K, 12 young (12288K), 12 survivors (12288K)
 Metaspace       used 55606K, committed 56384K, reserved 1114112K
  class space    used 7898K, committed 8256K, reserved 1048576K
}
Event: 24.396 GC heap before
{Heap before GC invocations=25 (full 0):
 garbage-first heap   total 173056K, used 124312K [0x0000000080000000, 0x0000000100000000)
  region size 1024K, 71 young (72704K), 12 survivors (12288K)
 Metaspace       used 59769K, committed 60608K, reserved 1114112K
  class space    used 8369K, committed 8768K, reserved 1048576K
}
Event: 24.522 GC heap after
{Heap after GC invocations=26 (full 0):
 garbage-first heap   total 173056K, used 69776K [0x0000000080000000, 0x0000000100000000)
  region size 1024K, 5 young (5120K), 5 survivors (5120K)
 Metaspace       used 59769K, committed 60608K, reserved 1114112K
  class space    used 8369K, committed 8768K, reserved 1048576K
}
Event: 28.351 GC heap before
{Heap before GC invocations=27 (full 0):
 garbage-first heap   total 173056K, used 139408K [0x0000000080000000, 0x0000000100000000)
  region size 1024K, 71 young (72704K), 5 survivors (5120K)
 Metaspace       used 66078K, committed 66944K, reserved 1114112K
  class space    used 9173K, committed 9600K, reserved 1048576K
}
Event: 28.394 GC heap after
{Heap after GC invocations=28 (full 0):
 garbage-first heap   total 173056K, used 73733K [0x0000000080000000, 0x0000000100000000)
  region size 1024K, 7 young (7168K), 7 survivors (7168K)
 Metaspace       used 66078K, committed 66944K, reserved 1114112K
  class space    used 9173K, committed 9600K, reserved 1048576K
}

