# JRE version: OpenJDK Runtime Environment Temurin-17.0.18+8 (17.0.18+8) (build 17.0.18+8)
# Java VM: OpenJDK 64-Bit Server VM Temurin-17.0.18+8 (17.0.18+8, mixed mode, sharing, tiered, compressed oops, compressed class ptrs, g1 gc, windows-amd64)
GC Precious Log:
 CPUs: 8 total, 8 available
 Memory: 3738M
 Large Page Support: Disabled
 NUMA Support: Disabled
 Compressed Oops: Enabled (32-bit)
 Heap Region Size: 1M
 Heap Min Capacity: 8M
 Heap Initial Capacity: 60M
 Heap Max Capacity: 2G
 Pre-touch: Disabled
 Parallel Workers: 8
 Concurrent Workers: 2
 Concurrent Refinement Workers: 8
 Periodic GC: Disabled
Heap:
 garbage-first heap   total 117760K, used 68636K [0x0000000080000000, 0x0000000100000000)
  region size 1024K, 1 young (1024K), 1 survivors (1024K)
 Metaspace       used 70211K, committed 71040K, reserved 1114112K
  class space    used 9675K, committed 10048K, reserved 1048576K
GC Heap History (20 events):
Event: 19.626 GC heap after
{Heap after GC invocations=30 (full 0):
 garbage-first heap   total 86016K, used 44062K [0x0000000080000000, 0x0000000100000000)
  region size 1024K, 2 young (2048K), 2 survivors (2048K)
 Metaspace       used 48055K, committed 48768K, reserved 1114112K
  class space    used 7225K, committed 7552K, reserved 1048576K
}
Event: 20.389 GC heap before
{Heap before GC invocations=30 (full 0):
 garbage-first heap   total 86016K, used 67614K [0x0000000080000000, 0x0000000100000000)
  region size 1024K, 26 young (26624K), 2 survivors (2048K)
 Metaspace       used 51532K, committed 52288K, reserved 1114112K
  class space    used 7656K, committed 8000K, reserved 1048576K
}
Event: 20.395 GC heap after
{Heap after GC invocations=31 (full 0):
 garbage-first heap   total 86016K, used 44502K [0x0000000080000000, 0x0000000100000000)
  region size 1024K, 3 young (3072K), 3 survivors (3072K)
 Metaspace       used 51532K, committed 52288K, reserved 1114112K
  class space    used 7656K, committed 8000K, reserved 1048576K
}
Event: 21.213 GC heap before
{Heap before GC invocations=32 (full 0):
 garbage-first heap   total 86016K, used 68054K [0x0000000080000000, 0x0000000100000000)
  region size 1024K, 27 young (27648K), 3 survivors (3072K)
 Metaspace       used 54763K, committed 55552K, reserved 1114112K
  class space    used 8064K, committed 8448K, reserved 1048576K
}
Event: 21.222 GC heap after
{Heap after GC invocations=33 (full 0):
 garbage-first heap   total 86016K, used 45320K [0x0000000080000000, 0x0000000100000000)
  region size 1024K, 3 young (3072K), 3 survivors (3072K)
 Metaspace       used 54763K, committed 55552K, reserved 1114112K
  class space    used 8064K, committed 8448K, reserved 1048576K
}
Event: 21.685 GC heap before
{Heap before GC invocations=33 (full 0):
 garbage-first heap   total 86016K, used 68872K [0x0000000080000000, 0x0000000100000000)
  region size 1024K, 27 young (27648K), 3 survivors (3072K)
 Metaspace       used 57385K, committed 58240K, reserved 1114112K
  class space    used 8375K, committed 8768K, reserved 1048576K
}
Event: 21.699 GC heap after
{Heap after GC invocations=34 (full 0):
 garbage-first heap   total 103424K, used 48060K [0x0000000080000000, 0x0000000100000000)
  region size 1024K, 4 young (4096K), 4 survivors (4096K)
 Metaspace       used 57385K, committed 58240K, reserved 1114112K
  class space    used 8375K, committed 8768K, reserved 1048576K
}
Event: 22.046 GC heap before
{Heap before GC invocations=35 (full 0):
 garbage-first heap   total 103424K, used 82876K [0x0000000080000000, 0x0000000100000000)
  region size 1024K, 38 young (38912K), 4 survivors (4096K)
 Metaspace       used 57391K, committed 58240K, reserved 1114112K
  class space    used 8378K, committed 8768K, reserved 1048576K
}
Event: 22.095 GC heap after
{Heap after GC invocations=36 (full 0):
 garbage-first heap   total 103424K, used 61228K [0x0000000080000000, 0x0000000100000000)
  region size 1024K, 5 young (5120K), 5 survivors (5120K)
 Metaspace       used 57391K, committed 58240K, reserved 1114112K
  class space    used 8378K, committed 8768K, reserved 1048576K
}
Event: 22.472 GC heap before
{Heap before GC invocations=36 (full 0):
 garbage-first heap   total 103424K, used 80684K [0x0000000080000000, 0x0000000100000000)
  region size 1024K, 24 young (24576K), 5 survivors (5120K)
 Metaspace       used 59426K, committed 60224K, reserved 1114112K
  class space    used 8610K, committed 8960K, reserved 1048576K
}
Event: 22.483 GC heap after
{Heap after GC invocations=37 (full 0):
 garbage-first heap   total 103424K, used 64197K [0x0000000080000000, 0x0000000100000000)
  region size 1024K, 2 young (2048K), 2 survivors (2048K)
 Metaspace       used 59426K, committed 60224K, reserved 1114112K
  class space    used 8610K, committed 8960K, reserved 1048576K
}
Event: 22.936 GC heap before
{Heap before GC invocations=38 (full 0):
 garbage-first heap   total 114688K, used 81605K [0x0000000080000000, 0x0000000100000000)
  region size 1024K, 20 young (20480K), 2 survivors (2048K)
 Metaspace       used 61848K, committed 62656K, reserved 1114112K
  class space    used 8849K, committed 9216K, reserved 1048576K
}
Event: 22.942 GC heap after
{Heap after GC invocations=39 (full 0):
 garbage-first heap   total 114688K, used 64277K [0x0000000080000000, 0x0000000100000000)
  region size 1024K, 2 young (2048K), 2 survivors (2048K)
 Metaspace       used 61848K, committed 62656K, reserved 1114112K
  class space    used 8849K, committed 9216K, reserved 1048576K
}
Event: 23.470 GC heap before
{Heap before GC invocations=39 (full 0):
 garbage-first heap   total 114688K, used 88853K [0x0000000080000000, 0x0000000100000000)
  region size 1024K, 27 young (27648K), 2 survivors (2048K)
 Metaspace       used 64638K, committed 65472K, reserved 1114112K
  class space    used 9170K, committed 9536K, reserved 1048576K
}
Event: 23.475 GC heap after
{Heap after GC invocations=40 (full 0):
 garbage-first heap   total 114688K, used 65162K [0x0000000080000000, 0x0000000100000000)
  region size 1024K, 3 young (3072K), 3 survivors (3072K)
 Metaspace       used 64638K, committed 65472K, reserved 1114112K
  class space    used 9170K, committed 9536K, reserved 1048576K
}
Event: 23.965 GC heap before
{Heap before GC invocations=41 (full 0):
 garbage-first heap   total 117760K, used 91786K [0x0000000080000000, 0x0000000100000000)
  region size 1024K, 29 young (29696K), 3 survivors (3072K)
 Metaspace       used 66760K, committed 67520K, reserved 1114112K
  class space    used 9382K, committed 9728K, reserved 1048576K
}
Event: 23.973 GC heap after
{Heap after GC invocations=42 (full 0):
 garbage-first heap   total 117760K, used 68366K [0x0000000080000000, 0x0000000100000000)
  region size 1024K, 4 young (4096K), 4 survivors (4096K)
 Metaspace       used 66760K, committed 67520K, reserved 1114112K
  class space    used 9382K, committed 9728K, reserved 1048576K
}
Event: 23.990 GC heap before
{Heap before GC invocations=42 (full 0):
 garbage-first heap   total 117760K, used 68366K [0x0000000080000000, 0x0000000100000000)
  region size 1024K, 5 young (5120K), 4 survivors (4096K)
 Metaspace       used 66853K, committed 67648K, reserved 1114112K
  class space    used 9392K, committed 9728K, reserved 1048576K
}
Event: 23.996 GC heap after
{Heap after GC invocations=43 (full 0):
 garbage-first heap   total 117760K, used 68681K [0x0000000080000000, 0x0000000100000000)
  region size 1024K, 1 young (1024K), 1 survivors (1024K)
 Metaspace       used 66853K, committed 67648K, reserved 1114112K
  class space    used 9392K, committed 9728K, reserved 1048576K
}
Event: 24.429 GC heap before
{Heap before GC invocations=43 (full 0):
 garbage-first heap   total 117760K, used 93257K [0x0000000080000000, 0x0000000100000000)
  region size 1024K, 26 young (26624K), 1 survivors (1024K)
 Metaspace       used 70211K, committed 71040K, reserved 1114112K
  class space    used 9675K, committed 10048K, reserved 1048576K
}

