# JRE version: OpenJDK Runtime Environment Temurin-17.0.18+8 (17.0.18+8) (build 17.0.18+8)
# Java VM: OpenJDK 64-Bit Server VM Temurin-17.0.18+8 (17.0.18+8, mixed mode, sharing, tiered, compressed oops, compressed class ptrs, g1 gc, windows-amd64)
GC Precious Log:
 CPUs: 8 total, 8 available
 Memory: 3738M
 Large Page Support: Disabled
 NUMA Support: Disabled
 Compressed Oops: Enabled (32-bit)
 Heap Region Size: 1M
 Heap Min Capacity: 8M
 Heap Initial Capacity: 60M
 Heap Max Capacity: 2G
 Pre-touch: Disabled
 Parallel Workers: 8
 Concurrent Workers: 2
 Concurrent Refinement Workers: 8
 Periodic GC: Disabled
Heap:
 garbage-first heap   total 157696K, used 100220K [0x0000000080000000, 0x0000000100000000)
  region size 1024K, 24 young (24576K), 5 survivors (5120K)
 Metaspace       used 71937K, committed 72832K, reserved 1114112K
  class space    used 9961K, committed 10368K, reserved 1048576K
GC Heap History (20 events):
Event: 23.514 GC heap before
{Heap before GC invocations=42 (full 0):
 garbage-first heap   total 110592K, used 63407K [0x0000000080000000, 0x0000000100000000)
  region size 1024K, 5 young (5120K), 2 survivors (2048K)
 Metaspace       used 55544K, committed 56384K, reserved 1114112K
  class space    used 7897K, committed 8256K, reserved 1048576K
}
Event: 23.518 GC heap after
{Heap after GC invocations=43 (full 0):
 garbage-first heap   total 110592K, used 64244K [0x0000000080000000, 0x0000000100000000)
  region size 1024K, 3 young (3072K), 3 survivors (3072K)
 Metaspace       used 55544K, committed 56384K, reserved 1114112K
  class space    used 7897K, committed 8256K, reserved 1048576K
}
Event: 23.798 GC heap before
{Heap before GC invocations=44 (full 0):
 garbage-first heap   total 114688K, used 67316K [0x0000000080000000, 0x0000000100000000)
  region size 1024K, 6 young (6144K), 3 survivors (3072K)
 Metaspace       used 55550K, committed 56384K, reserved 1114112K
  class space    used 7897K, committed 8256K, reserved 1048576K
}
Event: 23.804 GC heap after
{Heap after GC invocations=45 (full 0):
 garbage-first heap   total 114688K, used 66511K [0x0000000080000000, 0x0000000100000000)
  region size 1024K, 2 young (2048K), 2 survivors (2048K)
 Metaspace       used 55550K, committed 56384K, reserved 1114112K
  class space    used 7897K, committed 8256K, reserved 1048576K
}
Event: 24.187 GC heap before
{Heap before GC invocations=46 (full 0):
 garbage-first heap   total 117760K, used 77775K [0x0000000080000000, 0x0000000100000000)
  region size 1024K, 14 young (14336K), 2 survivors (2048K)
 Metaspace       used 56231K, committed 57088K, reserved 1114112K
  class space    used 7962K, committed 8320K, reserved 1048576K
}
Event: 24.191 GC heap after
{Heap after GC invocations=47 (full 0):
 garbage-first heap   total 117760K, used 68661K [0x0000000080000000, 0x0000000100000000)
  region size 1024K, 3 young (3072K), 3 survivors (3072K)
 Metaspace       used 56231K, committed 57088K, reserved 1114112K
  class space    used 7962K, committed 8320K, reserved 1048576K
}
Event: 24.654 GC heap before
{Heap before GC invocations=48 (full 0):
 garbage-first heap   total 124928K, used 88117K [0x0000000080000000, 0x0000000100000000)
  region size 1024K, 21 young (21504K), 3 survivors (3072K)
 Metaspace       used 57468K, committed 58304K, reserved 1114112K
  class space    used 8133K, committed 8512K, reserved 1048576K
}
Event: 24.662 GC heap after
{Heap after GC invocations=49 (full 0):
 garbage-first heap   total 124928K, used 70472K [0x0000000080000000, 0x0000000100000000)
  region size 1024K, 2 young (2048K), 2 survivors (2048K)
 Metaspace       used 57468K, committed 58304K, reserved 1114112K
  class space    used 8133K, committed 8512K, reserved 1048576K
}
Event: 25.222 GC heap before
{Heap before GC invocations=49 (full 0):
 garbage-first heap   total 124928K, used 93000K [0x0000000080000000, 0x0000000100000000)
  region size 1024K, 25 young (25600K), 2 survivors (2048K)
 Metaspace       used 59468K, committed 60416K, reserved 1114112K
  class space    used 8335K, committed 8768K, reserved 1048576K
}
Event: 25.227 GC heap after
{Heap after GC invocations=50 (full 0):
 garbage-first heap   total 124928K, used 70945K [0x0000000080000000, 0x0000000100000000)
  region size 1024K, 3 young (3072K), 3 survivors (3072K)
 Metaspace       used 59468K, committed 60416K, reserved 1114112K
  class space    used 8335K, committed 8768K, reserved 1048576K
}
Event: 25.861 GC heap before
{Heap before GC invocations=51 (full 0):
 garbage-first heap   total 126976K, used 96545K [0x0000000080000000, 0x0000000100000000)
  region size 1024K, 28 young (28672K), 3 survivors (3072K)
 Metaspace       used 61675K, committed 62528K, reserved 1114112K
  class space    used 8575K, committed 8960K, reserved 1048576K
}
Event: 25.869 GC heap after
{Heap after GC invocations=52 (full 0):
 garbage-first heap   total 126976K, used 71426K [0x0000000080000000, 0x0000000100000000)
  region size 1024K, 2 young (2048K), 2 survivors (2048K)
 Metaspace       used 61675K, committed 62528K, reserved 1114112K
  class space    used 8575K, committed 8960K, reserved 1048576K
}
Event: 26.515 GC heap before
{Heap before GC invocations=52 (full 0):
 garbage-first heap   total 126976K, used 92930K [0x0000000080000000, 0x0000000100000000)
  region size 1024K, 25 young (25600K), 2 survivors (2048K)
 Metaspace       used 63828K, committed 64768K, reserved 1114112K
  class space    used 8897K, committed 9344K, reserved 1048576K
}
Event: 26.523 GC heap after
{Heap after GC invocations=53 (full 0):
 garbage-first heap   total 126976K, used 72335K [0x0000000080000000, 0x0000000100000000)
  region size 1024K, 3 young (3072K), 3 survivors (3072K)
 Metaspace       used 63828K, committed 64768K, reserved 1114112K
  class space    used 8897K, committed 9344K, reserved 1048576K
}
Event: 27.666 GC heap before
{Heap before GC invocations=54 (full 0):
 garbage-first heap   total 135168K, used 103055K [0x0000000080000000, 0x0000000100000000)
  region size 1024K, 31 young (31744K), 3 survivors (3072K)
 Metaspace       used 66708K, committed 67648K, reserved 1114112K
  class space    used 9269K, committed 9728K, reserved 1048576K
}
Event: 27.682 GC heap after
{Heap after GC invocations=55 (full 0):
 garbage-first heap   total 135168K, used 75667K [0x0000000080000000, 0x0000000100000000)
  region size 1024K, 4 young (4096K), 4 survivors (4096K)
 Metaspace       used 66708K, committed 67648K, reserved 1114112K
  class space    used 9269K, committed 9728K, reserved 1048576K
}
Event: 28.684 GC heap before
{Heap before GC invocations=55 (full 0):
 garbage-first heap   total 135168K, used 106387K [0x0000000080000000, 0x0000000100000000)
  region size 1024K, 35 young (35840K), 4 survivors (4096K)
 Metaspace       used 69545K, committed 70464K, reserved 1114112K
  class space    used 9627K, committed 10048K, reserved 1048576K
}
Event: 28.708 GC heap after
{Heap after GC invocations=56 (full 0):
 garbage-first heap   total 135168K, used 78210K [0x0000000080000000, 0x0000000100000000)
  region size 1024K, 5 young (5120K), 5 survivors (5120K)
 Metaspace       used 69545K, committed 70464K, reserved 1114112K
  class space    used 9627K, committed 10048K, reserved 1048576K
}
Event: 29.590 GC heap before
{Heap before GC invocations=57 (full 0):
 garbage-first heap   total 157696K, used 113026K [0x0000000080000000, 0x0000000100000000)
  region size 1024K, 34 young (34816K), 5 survivors (5120K)
 Metaspace       used 70722K, committed 71616K, reserved 1114112K
  class space    used 9795K, committed 10176K, reserved 1048576K
}
Event: 29.613 GC heap after
{Heap after GC invocations=58 (full 0):
 garbage-first heap   total 157696K, used 81788K [0x0000000080000000, 0x0000000100000000)
  region size 1024K, 5 young (5120K), 5 survivors (5120K)
 Metaspace       used 70722K, committed 71616K, reserved 1114112K
  class space    used 9795K, committed 10176K, reserved 1048576K
}

