# JRE version: OpenJDK Runtime Environment Temurin-17.0.18+8 (17.0.18+8) (build 17.0.18+8)
# Java VM: OpenJDK 64-Bit Server VM Temurin-17.0.18+8 (17.0.18+8, mixed mode, sharing, tiered, compressed oops, compressed class ptrs, g1 gc, windows-amd64)
GC Precious Log:
 CPUs: 8 total, 8 available
 Memory: 3738M
 Large Page Support: Disabled
 NUMA Support: Disabled
 Compressed Oops: Enabled (32-bit)
 Heap Region Size: 1M
 Heap Min Capacity: 8M
 Heap Initial Capacity: 60M
 Heap Max Capacity: 2G
 Pre-touch: Disabled
 Parallel Workers: 8
 Concurrent Workers: 2
 Concurrent Refinement Workers: 8
 Periodic GC: Disabled
Heap:
 garbage-first heap   total 61440K, used 25996K [0x0000000080000000, 0x0000000100000000)
  region size 1024K, 2 young (2048K), 2 survivors (2048K)
 Metaspace       used 27239K, committed 27584K, reserved 1114112K
  class space    used 3879K, committed 4032K, reserved 1048576K
GC Heap History (20 events):
Event: 1.938 GC heap after
{Heap after GC invocations=2 (full 0):
 garbage-first heap   total 61440K, used 11840K [0x0000000080000000, 0x0000000100000000)
  region size 1024K, 4 young (4096K), 4 survivors (4096K)
 Metaspace       used 4557K, committed 4672K, reserved 1114112K
  class space    used 573K, committed 640K, reserved 1048576K
}
Event: 2.554 GC heap before
{Heap before GC invocations=2 (full 0):
 garbage-first heap   total 61440K, used 38464K [0x0000000080000000, 0x0000000100000000)
  region size 1024K, 30 young (30720K), 4 survivors (4096K)
 Metaspace       used 4611K, committed 4736K, reserved 1114112K
  class space    used 573K, committed 640K, reserved 1048576K
}
Event: 2.566 GC heap after
{Heap after GC invocations=3 (full 0):
 garbage-first heap   total 61440K, used 12036K [0x0000000080000000, 0x0000000100000000)
  region size 1024K, 1 young (1024K), 1 survivors (1024K)
 Metaspace       used 4611K, committed 4736K, reserved 1114112K
  class space    used 573K, committed 640K, reserved 1048576K
}
Event: 3.112 GC heap before
{Heap before GC invocations=3 (full 0):
 garbage-first heap   total 61440K, used 40708K [0x0000000080000000, 0x0000000100000000)
  region size 1024K, 27 young (27648K), 1 survivors (1024K)
 Metaspace       used 4681K, committed 4864K, reserved 1114112K
  class space    used 575K, committed 640K, reserved 1048576K
}
Event: 3.116 GC heap after
{Heap after GC invocations=4 (full 0):
 garbage-first heap   total 61440K, used 16824K [0x0000000080000000, 0x0000000100000000)
  region size 1024K, 4 young (4096K), 4 survivors (4096K)
 Metaspace       used 4681K, committed 4864K, reserved 1114112K
  class space    used 575K, committed 640K, reserved 1048576K
}
Event: 4.164 GC heap before
{Heap before GC invocations=4 (full 0):
 garbage-first heap   total 61440K, used 41400K [0x0000000080000000, 0x0000000100000000)
  region size 1024K, 29 young (29696K), 4 survivors (4096K)
 Metaspace       used 9966K, committed 10176K, reserved 1114112K
  class space    used 1307K, committed 1408K, reserved 1048576K
}
Event: 4.169 GC heap after
{Heap after GC invocations=5 (full 0):
 garbage-first heap   total 61440K, used 20299K [0x0000000080000000, 0x0000000100000000)
  region size 1024K, 4 young (4096K), 4 survivors (4096K)
 Metaspace       used 9966K, committed 10176K, reserved 1114112K
  class space    used 1307K, committed 1408K, reserved 1048576K
}
Event: 4.727 GC heap before
{Heap before GC invocations=5 (full 0):
 garbage-first heap   total 61440K, used 42827K [0x0000000080000000, 0x0000000100000000)
  region size 1024K, 27 young (27648K), 4 survivors (4096K)
 Metaspace       used 13839K, committed 14144K, reserved 1114112K
  class space    used 1895K, committed 2048K, reserved 1048576K
}
Event: 4.732 GC heap after
{Heap after GC invocations=6 (full 0):
 garbage-first heap   total 61440K, used 21576K [0x0000000080000000, 0x0000000100000000)
  region size 1024K, 2 young (2048K), 2 survivors (2048K)
 Metaspace       used 13839K, committed 14144K, reserved 1114112K
  class space    used 1895K, committed 2048K, reserved 1048576K
}
Event: 5.364 GC heap before
{Heap before GC invocations=6 (full 0):
 garbage-first heap   total 61440K, used 47176K [0x0000000080000000, 0x0000000100000000)
  region size 1024K, 25 young (25600K), 2 survivors (2048K)
 Metaspace       used 17799K, committed 18048K, reserved 1114112K
  class space    used 2378K, committed 2496K, reserved 1048576K
}
Event: 5.367 GC heap after
{Heap after GC invocations=7 (full 0):
 garbage-first heap   total 61440K, used 22452K [0x0000000080000000, 0x0000000100000000)
  region size 1024K, 3 young (3072K), 3 survivors (3072K)
 Metaspace       used 17799K, committed 18048K, reserved 1114112K
  class space    used 2378K, committed 2496K, reserved 1048576K
}
Event: 5.922 GC heap before
{Heap before GC invocations=7 (full 0):
 garbage-first heap   total 61440K, used 46004K [0x0000000080000000, 0x0000000100000000)
  region size 1024K, 26 young (26624K), 3 survivors (3072K)
 Metaspace       used 20599K, committed 20928K, reserved 1114112K
  class space    used 2853K, committed 3008K, reserved 1048576K
}
Event: 5.927 GC heap after
{Heap after GC invocations=8 (full 0):
 garbage-first heap   total 61440K, used 23742K [0x0000000080000000, 0x0000000100000000)
  region size 1024K, 4 young (4096K), 4 survivors (4096K)
 Metaspace       used 20599K, committed 20928K, reserved 1114112K
  class space    used 2853K, committed 3008K, reserved 1048576K
}
Event: 6.055 GC heap before
{Heap before GC invocations=8 (full 0):
 garbage-first heap   total 61440K, used 29886K [0x0000000080000000, 0x0000000100000000)
  region size 1024K, 11 young (11264K), 4 survivors (4096K)
 Metaspace       used 21227K, committed 21504K, reserved 1114112K
  class space    used 2953K, committed 3136K, reserved 1048576K
}
Event: 6.061 GC heap after
{Heap after GC invocations=9 (full 0):
 garbage-first heap   total 61440K, used 24217K [0x0000000080000000, 0x0000000100000000)
  region size 1024K, 2 young (2048K), 2 survivors (2048K)
 Metaspace       used 21227K, committed 21504K, reserved 1114112K
  class space    used 2953K, committed 3136K, reserved 1048576K
}
Event: 6.625 GC heap before
{Heap before GC invocations=10 (full 0):
 garbage-first heap   total 61440K, used 48793K [0x0000000080000000, 0x0000000100000000)
  region size 1024K, 26 young (26624K), 2 survivors (2048K)
 Metaspace       used 24140K, committed 24512K, reserved 1114112K
  class space    used 3398K, committed 3584K, reserved 1048576K
}
Event: 6.629 GC heap after
{Heap after GC invocations=11 (full 0):
 garbage-first heap   total 61440K, used 25338K [0x0000000080000000, 0x0000000100000000)
  region size 1024K, 3 young (3072K), 3 survivors (3072K)
 Metaspace       used 24140K, committed 24512K, reserved 1114112K
  class space    used 3398K, committed 3584K, reserved 1048576K
}
Event: 6.651 GC heap before
{Heap before GC invocations=11 (full 0):
 garbage-first heap   total 61440K, used 26362K [0x0000000080000000, 0x0000000100000000)
  region size 1024K, 4 young (4096K), 3 survivors (3072K)
 Metaspace       used 24267K, committed 24640K, reserved 1114112K
  class space    used 3419K, committed 3584K, reserved 1048576K
}
Event: 6.656 GC heap after
{Heap after GC invocations=12 (full 0):
 garbage-first heap   total 61440K, used 25402K [0x0000000080000000, 0x0000000100000000)
  region size 1024K, 1 young (1024K), 1 survivors (1024K)
 Metaspace       used 24267K, committed 24640K, reserved 1114112K
  class space    used 3419K, committed 3584K, reserved 1048576K
}
Event: 7.215 GC heap before
{Heap before GC invocations=12 (full 0):
 garbage-first heap   total 61440K, used 48954K [0x0000000080000000, 0x0000000100000000)
  region size 1024K, 24 young (24576K), 1 survivors (1024K)
 Metaspace       used 27239K, committed 27584K, reserved 1114112K
  class space    used 3879K, committed 4032K, reserved 1048576K
}

