# JRE version: OpenJDK Runtime Environment Temurin-17.0.18+8 (17.0.18+8) (build 17.0.18+8)
# Java VM: OpenJDK 64-Bit Server VM Temurin-17.0.18+8 (17.0.18+8, mixed mode, sharing, tiered, compressed oops, compressed class ptrs, g1 gc, windows-amd64)
GC Precious Log:
 CPUs: 8 total, 8 available
 Memory: 3738M
 Large Page Support: Disabled
 NUMA Support: Disabled
 Compressed Oops: Enabled (32-bit)
 Heap Region Size: 1M
 Heap Min Capacity: 8M
 Heap Initial Capacity: 60M
 Heap Max Capacity: 2G
 Pre-touch: Disabled
 Parallel Workers: 8
 Concurrent Workers: 2
 Concurrent Refinement Workers: 8
 Periodic GC: Disabled
Heap:
 garbage-first heap   total 218112K, used 149247K [0x0000000080000000, 0x0000000100000000)
  region size 1024K, 66 young (67584K), 12 survivors (12288K)
 Metaspace       used 97326K, committed 98112K, reserved 1179648K
  class space    used 12627K, committed 12992K, reserved 1048576K
GC Heap History (20 events):
Event: 12.392 GC heap before
{Heap before GC invocations=26 (full 0):
 garbage-first heap   total 104448K, used 82758K [0x0000000080000000, 0x0000000100000000)
  region size 1024K, 39 young (39936K), 1 survivors (1024K)
 Metaspace       used 55016K, committed 55808K, reserved 1114112K
  class space    used 8051K, committed 8384K, reserved 1048576K
}
Event: 12.400 GC heap after
{Heap after GC invocations=27 (full 0):
 garbage-first heap   total 104448K, used 44717K [0x0000000080000000, 0x0000000100000000)
  region size 1024K, 2 young (2048K), 2 survivors (2048K)
 Metaspace       used 55016K, committed 55808K, reserved 1114112K
  class space    used 8051K, committed 8384K, reserved 1048576K
}
Event: 12.966 GC heap before
{Heap before GC invocations=27 (full 0):
 garbage-first heap   total 104448K, used 84653K [0x0000000080000000, 0x0000000100000000)
  region size 1024K, 41 young (41984K), 2 survivors (2048K)
 Metaspace       used 57161K, committed 57920K, reserved 1114112K
  class space    used 8313K, committed 8704K, reserved 1048576K
}
Event: 12.994 GC heap after
{Heap after GC invocations=28 (full 0):
 garbage-first heap   total 104448K, used 57073K [0x0000000080000000, 0x0000000100000000)
  region size 1024K, 6 young (6144K), 6 survivors (6144K)
 Metaspace       used 57161K, committed 57920K, reserved 1114112K
  class space    used 8313K, committed 8704K, reserved 1048576K
}
Event: 13.157 GC heap before
{Heap before GC invocations=28 (full 0):
 garbage-first heap   total 104448K, used 78577K [0x0000000080000000, 0x0000000100000000)
  region size 1024K, 27 young (27648K), 6 survivors (6144K)
 Metaspace       used 57646K, committed 58432K, reserved 1114112K
  class space    used 8370K, committed 8704K, reserved 1048576K
}
Event: 13.178 GC heap after
{Heap after GC invocations=29 (full 0):
 garbage-first heap   total 104448K, used 62900K [0x0000000080000000, 0x0000000100000000)
  region size 1024K, 4 young (4096K), 4 survivors (4096K)
 Metaspace       used 57646K, committed 58432K, reserved 1114112K
  class space    used 8370K, committed 8704K, reserved 1048576K
}
Event: 13.601 GC heap before
{Heap before GC invocations=30 (full 0):
 garbage-first heap   total 114688K, used 80308K [0x0000000080000000, 0x0000000100000000)
  region size 1024K, 21 young (21504K), 4 survivors (4096K)
 Metaspace       used 59830K, committed 60608K, reserved 1114112K
  class space    used 8607K, committed 8960K, reserved 1048576K
}
Event: 13.609 GC heap after
{Heap after GC invocations=31 (full 0):
 garbage-first heap   total 114688K, used 64785K [0x0000000080000000, 0x0000000100000000)
  region size 1024K, 2 young (2048K), 2 survivors (2048K)
 Metaspace       used 59830K, committed 60608K, reserved 1114112K
  class space    used 8607K, committed 8960K, reserved 1048576K
}
Event: 13.677 GC heap before
{Heap before GC invocations=31 (full 0):
 garbage-first heap   total 114688K, used 67857K [0x0000000080000000, 0x0000000100000000)
  region size 1024K, 5 young (5120K), 2 survivors (2048K)
 Metaspace       used 60156K, committed 60928K, reserved 1114112K
  class space    used 8665K, committed 9024K, reserved 1048576K
}
Event: 13.682 GC heap after
{Heap after GC invocations=32 (full 0):
 garbage-first heap   total 114688K, used 64496K [0x0000000080000000, 0x0000000100000000)
  region size 1024K, 1 young (1024K), 1 survivors (1024K)
 Metaspace       used 60156K, committed 60928K, reserved 1114112K
  class space    used 8665K, committed 9024K, reserved 1048576K
}
Event: 14.182 GC heap before
{Heap before GC invocations=32 (full 0):
 garbage-first heap   total 114688K, used 88048K [0x0000000080000000, 0x0000000100000000)
  region size 1024K, 24 young (24576K), 1 survivors (1024K)
 Metaspace       used 63008K, committed 63744K, reserved 1114112K
  class space    used 8944K, committed 9280K, reserved 1048576K
}
Event: 14.190 GC heap after
{Heap after GC invocations=33 (full 0):
 garbage-first heap   total 218112K, used 65010K [0x0000000080000000, 0x0000000100000000)
  region size 1024K, 1 young (1024K), 1 survivors (1024K)
 Metaspace       used 63008K, committed 63744K, reserved 1114112K
  class space    used 8944K, committed 9280K, reserved 1048576K
}
Event: 17.599 GC heap before
{Heap before GC invocations=34 (full 0):
 garbage-first heap   total 218112K, used 167410K [0x0000000080000000, 0x0000000100000000)
  region size 1024K, 102 young (104448K), 1 survivors (1024K)
 Metaspace       used 74859K, committed 75648K, reserved 1114112K
  class space    used 10151K, committed 10496K, reserved 1048576K
}
Event: 17.613 GC heap after
{Heap after GC invocations=35 (full 0):
 garbage-first heap   total 218112K, used 70826K [0x0000000080000000, 0x0000000100000000)
  region size 1024K, 7 young (7168K), 7 survivors (7168K)
 Metaspace       used 74859K, committed 75648K, reserved 1114112K
  class space    used 10151K, committed 10496K, reserved 1048576K
}
Event: 17.651 GC heap before
{Heap before GC invocations=35 (full 0):
 garbage-first heap   total 218112K, used 73898K [0x0000000080000000, 0x0000000100000000)
  region size 1024K, 10 young (10240K), 7 survivors (7168K)
 Metaspace       used 75054K, committed 75776K, reserved 1114112K
  class space    used 10167K, committed 10496K, reserved 1048576K
}
Event: 17.680 GC heap after
{Heap after GC invocations=36 (full 0):
 garbage-first heap   total 218112K, used 71812K [0x0000000080000000, 0x0000000100000000)
  region size 1024K, 2 young (2048K), 2 survivors (2048K)
 Metaspace       used 75054K, committed 75776K, reserved 1114112K
  class space    used 10167K, committed 10496K, reserved 1048576K
}
Event: 19.558 GC heap before
{Heap before GC invocations=36 (full 0):
 garbage-first heap   total 218112K, used 166020K [0x0000000080000000, 0x0000000100000000)
  region size 1024K, 93 young (95232K), 2 survivors (2048K)
 Metaspace       used 83199K, committed 83968K, reserved 1179648K
  class space    used 11111K, committed 11456K, reserved 1048576K
}
Event: 19.572 GC heap after
{Heap after GC invocations=37 (full 0):
 garbage-first heap   total 218112K, used 84468K [0x0000000080000000, 0x0000000100000000)
  region size 1024K, 12 young (12288K), 12 survivors (12288K)
 Metaspace       used 83199K, committed 83968K, reserved 1179648K
  class space    used 11111K, committed 11456K, reserved 1048576K
}
Event: 21.484 GC heap before
{Heap before GC invocations=37 (full 0):
 garbage-first heap   total 218112K, used 168436K [0x0000000080000000, 0x0000000100000000)
  region size 1024K, 95 young (97280K), 12 survivors (12288K)
 Metaspace       used 90949K, committed 91712K, reserved 1179648K
  class space    used 11858K, committed 12224K, reserved 1048576K
}
Event: 21.571 GC heap after
{Heap after GC invocations=38 (full 0):
 garbage-first heap   total 218112K, used 95999K [0x0000000080000000, 0x0000000100000000)
  region size 1024K, 12 young (12288K), 12 survivors (12288K)
 Metaspace       used 90949K, committed 91712K, reserved 1179648K
  class space    used 11858K, committed 12224K, reserved 1048576K
}

