# JRE version: OpenJDK Runtime Environment Temurin-17.0.18+8 (17.0.18+8) (build 17.0.18+8)
# Java VM: OpenJDK 64-Bit Server VM Temurin-17.0.18+8 (17.0.18+8, mixed mode, sharing, tiered, compressed oops, compressed class ptrs, g1 gc, windows-amd64)
GC Precious Log:
 CPUs: 8 total, 8 available
 Memory: 3738M
 Large Page Support: Disabled
 NUMA Support: Disabled
 Compressed Oops: Enabled (32-bit)
 Heap Region Size: 1M
 Heap Min Capacity: 8M
 Heap Initial Capacity: 60M
 Heap Max Capacity: 2G
 Pre-touch: Disabled
 Parallel Workers: 8
 Concurrent Workers: 2
 Concurrent Refinement Workers: 8
 Periodic GC: Disabled
Heap:
 garbage-first heap   total 61440K, used 38489K [0x0000000080000000, 0x0000000100000000)
  region size 1024K, 17 young (17408K), 2 survivors (2048K)
 Metaspace       used 22865K, committed 23232K, reserved 1114112K
  class space    used 3196K, committed 3392K, reserved 1048576K
GC Heap History (18 events):
Event: 1.148 GC heap before
{Heap before GC invocations=0 (full 0):
 garbage-first heap   total 61440K, used 23552K [0x0000000080000000, 0x0000000100000000)
  region size 1024K, 23 young (23552K), 0 survivors (0K)
 Metaspace       used 869K, committed 960K, reserved 1114112K
  class space    used 63K, committed 128K, reserved 1048576K
}
Event: 1.153 GC heap after
{Heap after GC invocations=1 (full 0):
 garbage-first heap   total 61440K, used 1536K [0x0000000080000000, 0x0000000100000000)
  region size 1024K, 2 young (2048K), 2 survivors (2048K)
 Metaspace       used 869K, committed 960K, reserved 1114112K
  class space    used 63K, committed 128K, reserved 1048576K
}
Event: 2.161 GC heap before
{Heap before GC invocations=1 (full 0):
 garbage-first heap   total 61440K, used 36352K [0x0000000080000000, 0x0000000100000000)
  region size 1024K, 32 young (32768K), 2 survivors (2048K)
 Metaspace       used 4548K, committed 4672K, reserved 1114112K
  class space    used 573K, committed 640K, reserved 1048576K
}
Event: 2.168 GC heap after
{Heap after GC invocations=2 (full 0):
 garbage-first heap   total 61440K, used 11292K [0x0000000080000000, 0x0000000100000000)
  region size 1024K, 4 young (4096K), 4 survivors (4096K)
 Metaspace       used 4548K, committed 4672K, reserved 1114112K
  class space    used 573K, committed 640K, reserved 1048576K
}
Event: 2.389 GC heap before
{Heap before GC invocations=2 (full 0):
 garbage-first heap   total 61440K, used 37916K [0x0000000080000000, 0x0000000100000000)
  region size 1024K, 30 young (30720K), 4 survivors (4096K)
 Metaspace       used 4588K, committed 4736K, reserved 1114112K
  class space    used 573K, committed 640K, reserved 1048576K
}
Event: 2.394 GC heap after
{Heap after GC invocations=3 (full 0):
 garbage-first heap   total 61440K, used 12155K [0x0000000080000000, 0x0000000100000000)
  region size 1024K, 1 young (1024K), 1 survivors (1024K)
 Metaspace       used 4588K, committed 4736K, reserved 1114112K
  class space    used 573K, committed 640K, reserved 1048576K
}
Event: 2.851 GC heap before
{Heap before GC invocations=3 (full 0):
 garbage-first heap   total 61440K, used 40827K [0x0000000080000000, 0x0000000100000000)
  region size 1024K, 27 young (27648K), 1 survivors (1024K)
 Metaspace       used 4756K, committed 4928K, reserved 1114112K
  class space    used 589K, committed 704K, reserved 1048576K
}
Event: 2.857 GC heap after
{Heap after GC invocations=4 (full 0):
 garbage-first heap   total 61440K, used 16809K [0x0000000080000000, 0x0000000100000000)
  region size 1024K, 4 young (4096K), 4 survivors (4096K)
 Metaspace       used 4756K, committed 4928K, reserved 1114112K
  class space    used 589K, committed 704K, reserved 1048576K
}
Event: 4.116 GC heap before
{Heap before GC invocations=4 (full 0):
 garbage-first heap   total 61440K, used 41385K [0x0000000080000000, 0x0000000100000000)
  region size 1024K, 29 young (29696K), 4 survivors (4096K)
 Metaspace       used 10137K, committed 10432K, reserved 1114112K
  class space    used 1331K, committed 1472K, reserved 1048576K
}
Event: 4.124 GC heap after
{Heap after GC invocations=5 (full 0):
 garbage-first heap   total 61440K, used 20318K [0x0000000080000000, 0x0000000100000000)
  region size 1024K, 4 young (4096K), 4 survivors (4096K)
 Metaspace       used 10137K, committed 10432K, reserved 1114112K
  class space    used 1331K, committed 1472K, reserved 1048576K
}
Event: 4.656 GC heap before
{Heap before GC invocations=5 (full 0):
 garbage-first heap   total 61440K, used 42846K [0x0000000080000000, 0x0000000100000000)
  region size 1024K, 27 young (27648K), 4 survivors (4096K)
 Metaspace       used 13897K, committed 14144K, reserved 1114112K
  class space    used 1903K, committed 2048K, reserved 1048576K
}
Event: 4.660 GC heap after
{Heap after GC invocations=6 (full 0):
 garbage-first heap   total 61440K, used 21751K [0x0000000080000000, 0x0000000100000000)
  region size 1024K, 2 young (2048K), 2 survivors (2048K)
 Metaspace       used 13897K, committed 14144K, reserved 1114112K
  class space    used 1903K, committed 2048K, reserved 1048576K
}
Event: 5.625 GC heap before
{Heap before GC invocations=6 (full 0):
 garbage-first heap   total 61440K, used 46327K [0x0000000080000000, 0x0000000100000000)
  region size 1024K, 25 young (25600K), 2 survivors (2048K)
 Metaspace       used 17850K, committed 18112K, reserved 1114112K
  class space    used 2381K, committed 2496K, reserved 1048576K
}
Event: 5.628 GC heap after
{Heap after GC invocations=7 (full 0):
 garbage-first heap   total 61440K, used 22361K [0x0000000080000000, 0x0000000100000000)
  region size 1024K, 3 young (3072K), 3 survivors (3072K)
 Metaspace       used 17850K, committed 18112K, reserved 1114112K
  class space    used 2381K, committed 2496K, reserved 1048576K
}
Event: 6.063 GC heap before
{Heap before GC invocations=7 (full 0):
 garbage-first heap   total 61440K, used 46937K [0x0000000080000000, 0x0000000100000000)
  region size 1024K, 27 young (27648K), 3 survivors (3072K)
 Metaspace       used 20722K, committed 20992K, reserved 1114112K
  class space    used 2867K, committed 3008K, reserved 1048576K
}
Event: 6.067 GC heap after
{Heap after GC invocations=8 (full 0):
 garbage-first heap   total 61440K, used 23831K [0x0000000080000000, 0x0000000100000000)
  region size 1024K, 4 young (4096K), 4 survivors (4096K)
 Metaspace       used 20722K, committed 20992K, reserved 1114112K
  class space    used 2867K, committed 3008K, reserved 1048576K
}
Event: 6.135 GC heap before
{Heap before GC invocations=8 (full 0):
 garbage-first heap   total 61440K, used 26903K [0x0000000080000000, 0x0000000100000000)
  region size 1024K, 8 young (8192K), 4 survivors (4096K)
 Metaspace       used 21171K, committed 21504K, reserved 1114112K
  class space    used 2939K, committed 3136K, reserved 1048576K
}
Event: 6.139 GC heap after
{Heap after GC invocations=9 (full 0):
 garbage-first heap   total 61440K, used 24153K [0x0000000080000000, 0x0000000100000000)
  region size 1024K, 2 young (2048K), 2 survivors (2048K)
 Metaspace       used 21171K, committed 21504K, reserved 1114112K
  class space    used 2939K, committed 3136K, reserved 1048576K
}

