# JRE version: OpenJDK Runtime Environment Temurin-17.0.18+8 (17.0.18+8) (build 17.0.18+8)
# Java VM: OpenJDK 64-Bit Server VM Temurin-17.0.18+8 (17.0.18+8, mixed mode, sharing, tiered, compressed oops, compressed class ptrs, g1 gc, windows-amd64)
GC Precious Log:
 CPUs: 8 total, 8 available
 Memory: 3738M
 Large Page Support: Disabled
 NUMA Support: Disabled
 Compressed Oops: Enabled (32-bit)
 Heap Region Size: 1M
 Heap Min Capacity: 8M
 Heap Initial Capacity: 60M
 Heap Max Capacity: 2G
 Pre-touch: Disabled
 Parallel Workers: 8
 Concurrent Workers: 2
 Concurrent Refinement Workers: 8
 Periodic GC: Disabled
Heap:
 garbage-first heap   total 61440K, used 26547K [0x0000000080000000, 0x0000000100000000)
  region size 1024K, 3 young (3072K), 1 survivors (1024K)
 Metaspace       used 24531K, committed 24960K, reserved 1114112K
  class space    used 3451K, committed 3648K, reserved 1048576K
GC Heap History (20 events):
Event: 1.706 GC heap before
{Heap before GC invocations=1 (full 0):
 garbage-first heap   total 61440K, used 36352K [0x0000000080000000, 0x0000000100000000)
  region size 1024K, 32 young (32768K), 2 survivors (2048K)
 Metaspace       used 4524K, committed 4672K, reserved 1114112K
  class space    used 572K, committed 640K, reserved 1048576K
}
Event: 1.717 GC heap after
{Heap after GC invocations=2 (full 0):
 garbage-first heap   total 61440K, used 11710K [0x0000000080000000, 0x0000000100000000)
  region size 1024K, 4 young (4096K), 4 survivors (4096K)
 Metaspace       used 4524K, committed 4672K, reserved 1114112K
  class space    used 572K, committed 640K, reserved 1048576K
}
Event: 2.146 GC heap before
{Heap before GC invocations=2 (full 0):
 garbage-first heap   total 61440K, used 38334K [0x0000000080000000, 0x0000000100000000)
  region size 1024K, 30 young (30720K), 4 survivors (4096K)
 Metaspace       used 4593K, committed 4736K, reserved 1114112K
  class space    used 572K, committed 640K, reserved 1048576K
}
Event: 2.153 GC heap after
{Heap after GC invocations=3 (full 0):
 garbage-first heap   total 61440K, used 12108K [0x0000000080000000, 0x0000000100000000)
  region size 1024K, 1 young (1024K), 1 survivors (1024K)
 Metaspace       used 4593K, committed 4736K, reserved 1114112K
  class space    used 572K, committed 640K, reserved 1048576K
}
Event: 2.633 GC heap before
{Heap before GC invocations=3 (full 0):
 garbage-first heap   total 61440K, used 40780K [0x0000000080000000, 0x0000000100000000)
  region size 1024K, 27 young (27648K), 1 survivors (1024K)
 Metaspace       used 4653K, committed 4800K, reserved 1114112K
  class space    used 573K, committed 640K, reserved 1048576K
}
Event: 2.638 GC heap after
{Heap after GC invocations=4 (full 0):
 garbage-first heap   total 61440K, used 16847K [0x0000000080000000, 0x0000000100000000)
  region size 1024K, 4 young (4096K), 4 survivors (4096K)
 Metaspace       used 4653K, committed 4800K, reserved 1114112K
  class space    used 573K, committed 640K, reserved 1048576K
}
Event: 3.727 GC heap before
{Heap before GC invocations=4 (full 0):
 garbage-first heap   total 61440K, used 41423K [0x0000000080000000, 0x0000000100000000)
  region size 1024K, 29 young (29696K), 4 survivors (4096K)
 Metaspace       used 9660K, committed 9856K, reserved 1114112K
  class space    used 1266K, committed 1344K, reserved 1048576K
}
Event: 3.732 GC heap after
{Heap after GC invocations=5 (full 0):
 garbage-first heap   total 61440K, used 19859K [0x0000000080000000, 0x0000000100000000)
  region size 1024K, 4 young (4096K), 4 survivors (4096K)
 Metaspace       used 9660K, committed 9856K, reserved 1114112K
  class space    used 1266K, committed 1344K, reserved 1048576K
}
Event: 4.498 GC heap before
{Heap before GC invocations=5 (full 0):
 garbage-first heap   total 61440K, used 42387K [0x0000000080000000, 0x0000000100000000)
  region size 1024K, 27 young (27648K), 4 survivors (4096K)
 Metaspace       used 13714K, committed 13952K, reserved 1114112K
  class space    used 1871K, committed 1984K, reserved 1048576K
}
Event: 4.509 GC heap after
{Heap after GC invocations=6 (full 0):
 garbage-first heap   total 61440K, used 21655K [0x0000000080000000, 0x0000000100000000)
  region size 1024K, 2 young (2048K), 2 survivors (2048K)
 Metaspace       used 13714K, committed 13952K, reserved 1114112K
  class space    used 1871K, committed 1984K, reserved 1048576K
}
Event: 5.474 GC heap before
{Heap before GC invocations=6 (full 0):
 garbage-first heap   total 61440K, used 46231K [0x0000000080000000, 0x0000000100000000)
  region size 1024K, 25 young (25600K), 2 survivors (2048K)
 Metaspace       used 17674K, committed 17920K, reserved 1114112K
  class space    used 2347K, committed 2432K, reserved 1048576K
}
Event: 5.480 GC heap after
{Heap after GC invocations=7 (full 0):
 garbage-first heap   total 61440K, used 22333K [0x0000000080000000, 0x0000000100000000)
  region size 1024K, 3 young (3072K), 3 survivors (3072K)
 Metaspace       used 17674K, committed 17920K, reserved 1114112K
  class space    used 2347K, committed 2432K, reserved 1048576K
}
Event: 6.255 GC heap before
{Heap before GC invocations=7 (full 0):
 garbage-first heap   total 61440K, used 44861K [0x0000000080000000, 0x0000000100000000)
  region size 1024K, 26 young (26624K), 3 survivors (3072K)
 Metaspace       used 20477K, committed 20800K, reserved 1114112K
  class space    used 2812K, committed 2944K, reserved 1048576K
}
Event: 6.262 GC heap after
{Heap after GC invocations=8 (full 0):
 garbage-first heap   total 61440K, used 23841K [0x0000000080000000, 0x0000000100000000)
  region size 1024K, 3 young (3072K), 3 survivors (3072K)
 Metaspace       used 20477K, committed 20800K, reserved 1114112K
  class space    used 2812K, committed 2944K, reserved 1048576K
}
Event: 6.600 GC heap before
{Heap before GC invocations=8 (full 0):
 garbage-first heap   total 61440K, used 31009K [0x0000000080000000, 0x0000000100000000)
  region size 1024K, 11 young (11264K), 3 survivors (3072K)
 Metaspace       used 21242K, committed 21504K, reserved 1114112K
  class space    used 2943K, committed 3072K, reserved 1048576K
}
Event: 6.606 GC heap after
{Heap after GC invocations=9 (full 0):
 garbage-first heap   total 61440K, used 24318K [0x0000000080000000, 0x0000000100000000)
  region size 1024K, 2 young (2048K), 2 survivors (2048K)
 Metaspace       used 21242K, committed 21504K, reserved 1114112K
  class space    used 2943K, committed 3072K, reserved 1048576K
}
Event: 9.307 GC heap before
{Heap before GC invocations=10 (full 0):
 garbage-first heap   total 61440K, used 48894K [0x0000000080000000, 0x0000000100000000)
  region size 1024K, 26 young (26624K), 2 survivors (2048K)
 Metaspace       used 24178K, committed 24512K, reserved 1114112K
  class space    used 3393K, committed 3584K, reserved 1048576K
}
Event: 9.322 GC heap after
{Heap after GC invocations=11 (full 0):
 garbage-first heap   total 61440K, used 25529K [0x0000000080000000, 0x0000000100000000)
  region size 1024K, 4 young (4096K), 4 survivors (4096K)
 Metaspace       used 24178K, committed 24512K, reserved 1114112K
  class space    used 3393K, committed 3584K, reserved 1048576K
}
Event: 9.863 GC heap before
{Heap before GC invocations=11 (full 0):
 garbage-first heap   total 61440K, used 26553K [0x0000000080000000, 0x0000000100000000)
  region size 1024K, 5 young (5120K), 4 survivors (4096K)
 Metaspace       used 24331K, committed 24704K, reserved 1114112K
  class space    used 3416K, committed 3584K, reserved 1048576K
}
Event: 9.879 GC heap after
{Heap after GC invocations=12 (full 0):
 garbage-first heap   total 61440K, used 25523K [0x0000000080000000, 0x0000000100000000)
  region size 1024K, 1 young (1024K), 1 survivors (1024K)
 Metaspace       used 24331K, committed 24704K, reserved 1114112K
  class space    used 3416K, committed 3584K, reserved 1048576K
}

