# JRE version: OpenJDK Runtime Environment Temurin-17.0.18+8 (17.0.18+8) (build 17.0.18+8)
# Java VM: OpenJDK 64-Bit Server VM Temurin-17.0.18+8 (17.0.18+8, mixed mode, sharing, tiered, compressed oops, compressed class ptrs, g1 gc, windows-amd64)
GC Precious Log:
 CPUs: 8 total, 8 available
 Memory: 3738M
 Large Page Support: Disabled
 NUMA Support: Disabled
 Compressed Oops: Enabled (32-bit)
 Heap Region Size: 1M
 Heap Min Capacity: 8M
 Heap Initial Capacity: 60M
 Heap Max Capacity: 2G
 Pre-touch: Disabled
 Parallel Workers: 8
 Concurrent Workers: 2
 Concurrent Refinement Workers: 8
 Periodic GC: Disabled
Heap:
 garbage-first heap   total 157696K, used 84290K [0x0000000080000000, 0x0000000100000000)
  region size 1024K, 5 young (5120K), 5 survivors (5120K)
 Metaspace       used 74920K, committed 75904K, reserved 1179648K
  class space    used 10314K, committed 10816K, reserved 1048576K
GC Heap History (20 events):
Event: 18.461 GC heap after
{Heap after GC invocations=21 (full 0):
 garbage-first heap   total 107520K, used 43957K [0x0000000080000000, 0x0000000100000000)
  region size 1024K, 4 young (4096K), 4 survivors (4096K)
 Metaspace       used 51118K, committed 51904K, reserved 1114112K
  class space    used 7353K, committed 7744K, reserved 1048576K
}
Event: 20.345 GC heap before
{Heap before GC invocations=21 (full 0):
 garbage-first heap   total 107520K, used 86965K [0x0000000080000000, 0x0000000100000000)
  region size 1024K, 46 young (47104K), 4 survivors (4096K)
 Metaspace       used 54674K, committed 55552K, reserved 1114112K
  class space    used 7842K, committed 8256K, reserved 1048576K
}
Event: 20.365 GC heap after
{Heap after GC invocations=22 (full 0):
 garbage-first heap   total 107520K, used 47612K [0x0000000080000000, 0x0000000100000000)
  region size 1024K, 6 young (6144K), 6 survivors (6144K)
 Metaspace       used 54674K, committed 55552K, reserved 1114112K
  class space    used 7842K, committed 8256K, reserved 1048576K
}
Event: 21.746 GC heap before
{Heap before GC invocations=22 (full 0):
 garbage-first heap   total 107520K, used 85500K [0x0000000080000000, 0x0000000100000000)
  region size 1024K, 44 young (45056K), 6 survivors (6144K)
 Metaspace       used 55074K, committed 55936K, reserved 1114112K
  class space    used 7842K, committed 8256K, reserved 1048576K
}
Event: 21.767 GC heap after
{Heap after GC invocations=23 (full 0):
 garbage-first heap   total 107520K, used 49875K [0x0000000080000000, 0x0000000100000000)
  region size 1024K, 3 young (3072K), 3 survivors (3072K)
 Metaspace       used 55074K, committed 55936K, reserved 1114112K
  class space    used 7842K, committed 8256K, reserved 1048576K
}
Event: 22.769 GC heap before
{Heap before GC invocations=23 (full 0):
 garbage-first heap   total 107520K, used 86739K [0x0000000080000000, 0x0000000100000000)
  region size 1024K, 40 young (40960K), 3 survivors (3072K)
 Metaspace       used 55232K, committed 56064K, reserved 1114112K
  class space    used 7842K, committed 8256K, reserved 1048576K
}
Event: 22.781 GC heap after
{Heap after GC invocations=24 (full 0):
 garbage-first heap   total 157696K, used 51524K [0x0000000080000000, 0x0000000100000000)
  region size 1024K, 5 young (5120K), 5 survivors (5120K)
 Metaspace       used 55232K, committed 56064K, reserved 1114112K
  class space    used 7842K, committed 8256K, reserved 1048576K
}
Event: 25.809 GC heap before
{Heap before GC invocations=24 (full 0):
 garbage-first heap   total 157696K, used 131396K [0x0000000080000000, 0x0000000100000000)
  region size 1024K, 75 young (76800K), 5 survivors (5120K)
 Metaspace       used 57956K, committed 58816K, reserved 1114112K
  class space    used 8182K, committed 8576K, reserved 1048576K
}
Event: 25.873 GC heap after
{Heap after GC invocations=25 (full 0):
 garbage-first heap   total 157696K, used 69710K [0x0000000080000000, 0x0000000100000000)
  region size 1024K, 10 young (10240K), 10 survivors (10240K)
 Metaspace       used 57956K, committed 58816K, reserved 1114112K
  class space    used 8182K, committed 8576K, reserved 1048576K
}
Event: 26.785 GC heap before
{Heap before GC invocations=25 (full 0):
 garbage-first heap   total 157696K, used 90190K [0x0000000080000000, 0x0000000100000000)
  region size 1024K, 31 young (31744K), 10 survivors (10240K)
 Metaspace       used 59742K, committed 60608K, reserved 1114112K
  class space    used 8356K, committed 8768K, reserved 1048576K
}
Event: 26.823 GC heap after
{Heap after GC invocations=26 (full 0):
 garbage-first heap   total 157696K, used 70217K [0x0000000080000000, 0x0000000100000000)
  region size 1024K, 1 young (1024K), 1 survivors (1024K)
 Metaspace       used 59742K, committed 60608K, reserved 1114112K
  class space    used 8356K, committed 8768K, reserved 1048576K
}
Event: 29.286 GC heap before
{Heap before GC invocations=27 (full 0):
 garbage-first heap   total 157696K, used 128585K [0x0000000080000000, 0x0000000100000000)
  region size 1024K, 56 young (57344K), 1 survivors (1024K)
 Metaspace       used 64782K, committed 65728K, reserved 1114112K
  class space    used 9013K, committed 9472K, reserved 1048576K
}
Event: 29.305 GC heap after
{Heap after GC invocations=28 (full 0):
 garbage-first heap   total 157696K, used 73646K [0x0000000080000000, 0x0000000100000000)
  region size 1024K, 3 young (3072K), 3 survivors (3072K)
 Metaspace       used 64782K, committed 65728K, reserved 1114112K
  class space    used 9013K, committed 9472K, reserved 1048576K
}
Event: 29.449 GC heap before
{Heap before GC invocations=28 (full 0):
 garbage-first heap   total 157696K, used 76718K [0x0000000080000000, 0x0000000100000000)
  region size 1024K, 7 young (7168K), 3 survivors (3072K)
 Metaspace       used 64997K, committed 65920K, reserved 1114112K
  class space    used 9048K, committed 9472K, reserved 1048576K
}
Event: 29.467 GC heap after
{Heap after GC invocations=29 (full 0):
 garbage-first heap   total 157696K, used 73862K [0x0000000080000000, 0x0000000100000000)
  region size 1024K, 1 young (1024K), 1 survivors (1024K)
 Metaspace       used 64997K, committed 65920K, reserved 1114112K
  class space    used 9048K, committed 9472K, reserved 1048576K
}
Event: 30.997 GC heap before
{Heap before GC invocations=29 (full 0):
 garbage-first heap   total 157696K, used 132230K [0x0000000080000000, 0x0000000100000000)
  region size 1024K, 54 young (55296K), 1 survivors (1024K)
 Metaspace       used 69563K, committed 70464K, reserved 1114112K
  class space    used 9619K, committed 10048K, reserved 1048576K
}
Event: 31.014 GC heap after
{Heap after GC invocations=30 (full 0):
 garbage-first heap   total 157696K, used 84429K [0x0000000080000000, 0x0000000100000000)
  region size 1024K, 7 young (7168K), 7 survivors (7168K)
 Metaspace       used 69563K, committed 70464K, reserved 1114112K
  class space    used 9619K, committed 10048K, reserved 1048576K
}
Event: 32.618 GC heap before
{Heap before GC invocations=31 (full 0):
 garbage-first heap   total 157696K, used 127437K [0x0000000080000000, 0x0000000100000000)
  region size 1024K, 48 young (49152K), 7 survivors (7168K)
 Metaspace       used 72152K, committed 73088K, reserved 1114112K
  class space    used 9972K, committed 10432K, reserved 1048576K
}
Event: 32.661 GC heap after
{Heap after GC invocations=32 (full 0):
 garbage-first heap   total 157696K, used 82256K [0x0000000080000000, 0x0000000100000000)
  region size 1024K, 3 young (3072K), 3 survivors (3072K)
 Metaspace       used 72152K, committed 73088K, reserved 1114112K
  class space    used 9972K, committed 10432K, reserved 1048576K
}
Event: 34.804 GC heap before
{Heap before GC invocations=32 (full 0):
 garbage-first heap   total 157696K, used 127312K [0x0000000080000000, 0x0000000100000000)
  region size 1024K, 47 young (48128K), 3 survivors (3072K)
 Metaspace       used 74920K, committed 75904K, reserved 1179648K
  class space    used 10314K, committed 10816K, reserved 1048576K
}

