# JRE version: OpenJDK Runtime Environment Temurin-17.0.18+8 (17.0.18+8) (build 17.0.18+8)
# Java VM: OpenJDK 64-Bit Server VM Temurin-17.0.18+8 (17.0.18+8, mixed mode, sharing, tiered, compressed oops, compressed class ptrs, g1 gc, windows-amd64)
GC Precious Log:
 CPUs: 8 total, 8 available
 Memory: 3738M
 Large Page Support: Disabled
 NUMA Support: Disabled
 Compressed Oops: Enabled (32-bit)
 Heap Region Size: 1M
 Heap Min Capacity: 8M
 Heap Initial Capacity: 60M
 Heap Max Capacity: 2G
 Pre-touch: Disabled
 Parallel Workers: 8
 Concurrent Workers: 2
 Concurrent Refinement Workers: 8
 Periodic GC: Disabled
Heap:
 garbage-first heap   total 105472K, used 77648K [0x0000000080000000, 0x0000000100000000)
  region size 1024K, 40 young (40960K), 3 survivors (3072K)
 Metaspace       used 50183K, committed 50944K, reserved 1114112K
  class space    used 7198K, committed 7552K, reserved 1048576K
GC Heap History (20 events):
Event: 26.010 GC heap before
{Heap before GC invocations=10 (full 0):
 garbage-first heap   total 61440K, used 48929K [0x0000000080000000, 0x0000000100000000)
  region size 1024K, 26 young (26624K), 2 survivors (2048K)
 Metaspace       used 24182K, committed 24576K, reserved 1114112K
  class space    used 3393K, committed 3584K, reserved 1048576K
}
Event: 26.033 GC heap after
{Heap after GC invocations=11 (full 0):
 garbage-first heap   total 61440K, used 25471K [0x0000000080000000, 0x0000000100000000)
  region size 1024K, 4 young (4096K), 4 survivors (4096K)
 Metaspace       used 24182K, committed 24576K, reserved 1114112K
  class space    used 3393K, committed 3584K, reserved 1048576K
}
Event: 26.096 GC heap before
{Heap before GC invocations=11 (full 0):
 garbage-first heap   total 61440K, used 26495K [0x0000000080000000, 0x0000000100000000)
  region size 1024K, 5 young (5120K), 4 survivors (4096K)
 Metaspace       used 24335K, committed 24704K, reserved 1114112K
  class space    used 3415K, committed 3584K, reserved 1048576K
}
Event: 26.114 GC heap after
{Heap after GC invocations=12 (full 0):
 garbage-first heap   total 61440K, used 25858K [0x0000000080000000, 0x0000000100000000)
  region size 1024K, 1 young (1024K), 1 survivors (1024K)
 Metaspace       used 24335K, committed 24704K, reserved 1114112K
  class space    used 3415K, committed 3584K, reserved 1048576K
}
Event: 28.034 GC heap before
{Heap before GC invocations=12 (full 0):
 garbage-first heap   total 61440K, used 48386K [0x0000000080000000, 0x0000000100000000)
  region size 1024K, 24 young (24576K), 1 survivors (1024K)
 Metaspace       used 27340K, committed 27648K, reserved 1114112K
  class space    used 3871K, committed 4032K, reserved 1048576K
}
Event: 28.039 GC heap after
{Heap after GC invocations=13 (full 0):
 garbage-first heap   total 61440K, used 26365K [0x0000000080000000, 0x0000000100000000)
  region size 1024K, 2 young (2048K), 2 survivors (2048K)
 Metaspace       used 27340K, committed 27648K, reserved 1114112K
  class space    used 3871K, committed 4032K, reserved 1048576K
}
Event: 29.139 GC heap before
{Heap before GC invocations=13 (full 0):
 garbage-first heap   total 61440K, used 48893K [0x0000000080000000, 0x0000000100000000)
  region size 1024K, 24 young (24576K), 2 survivors (2048K)
 Metaspace       used 30085K, committed 30464K, reserved 1114112K
  class space    used 4335K, committed 4480K, reserved 1048576K
}
Event: 29.142 GC heap after
{Heap after GC invocations=14 (full 0):
 garbage-first heap   total 61440K, used 27293K [0x0000000080000000, 0x0000000100000000)
  region size 1024K, 2 young (2048K), 2 survivors (2048K)
 Metaspace       used 30085K, committed 30464K, reserved 1114112K
  class space    used 4335K, committed 4480K, reserved 1048576K
}
Event: 29.822 GC heap before
{Heap before GC invocations=14 (full 0):
 garbage-first heap   total 61440K, used 49821K [0x0000000080000000, 0x0000000100000000)
  region size 1024K, 25 young (25600K), 2 survivors (2048K)
 Metaspace       used 33752K, committed 34176K, reserved 1114112K
  class space    used 4730K, committed 4928K, reserved 1048576K
}
Event: 29.830 GC heap after
{Heap after GC invocations=15 (full 0):
 garbage-first heap   total 61440K, used 29940K [0x0000000080000000, 0x0000000100000000)
  region size 1024K, 4 young (4096K), 4 survivors (4096K)
 Metaspace       used 33752K, committed 34176K, reserved 1114112K
  class space    used 4730K, committed 4928K, reserved 1048576K
}
Event: 30.775 GC heap before
{Heap before GC invocations=15 (full 0):
 garbage-first heap   total 61440K, used 46324K [0x0000000080000000, 0x0000000100000000)
  region size 1024K, 21 young (21504K), 4 survivors (4096K)
 Metaspace       used 35639K, committed 36160K, reserved 1114112K
  class space    used 5009K, committed 5248K, reserved 1048576K
}
Event: 30.796 GC heap after
{Heap after GC invocations=16 (full 0):
 garbage-first heap   total 105472K, used 31891K [0x0000000080000000, 0x0000000100000000)
  region size 1024K, 2 young (2048K), 2 survivors (2048K)
 Metaspace       used 35639K, committed 36160K, reserved 1114112K
  class space    used 5009K, committed 5248K, reserved 1048576K
}
Event: 34.082 GC heap before
{Heap before GC invocations=17 (full 0):
 garbage-first heap   total 105472K, used 85139K [0x0000000080000000, 0x0000000100000000)
  region size 1024K, 52 young (53248K), 2 survivors (2048K)
 Metaspace       used 40195K, committed 40832K, reserved 1114112K
  class space    used 5741K, committed 6016K, reserved 1048576K
}
Event: 34.095 GC heap after
{Heap after GC invocations=18 (full 0):
 garbage-first heap   total 105472K, used 38149K [0x0000000080000000, 0x0000000100000000)
  region size 1024K, 6 young (6144K), 6 survivors (6144K)
 Metaspace       used 40195K, committed 40832K, reserved 1114112K
  class space    used 5741K, committed 6016K, reserved 1048576K
}
Event: 34.189 GC heap before
{Heap before GC invocations=18 (full 0):
 garbage-first heap   total 105472K, used 39173K [0x0000000080000000, 0x0000000100000000)
  region size 1024K, 7 young (7168K), 6 survivors (6144K)
 Metaspace       used 40251K, committed 40896K, reserved 1114112K
  class space    used 5746K, committed 6080K, reserved 1048576K
}
Event: 34.201 GC heap after
{Heap after GC invocations=19 (full 0):
 garbage-first heap   total 105472K, used 38765K [0x0000000080000000, 0x0000000100000000)
  region size 1024K, 1 young (1024K), 1 survivors (1024K)
 Metaspace       used 40251K, committed 40896K, reserved 1114112K
  class space    used 5746K, committed 6080K, reserved 1048576K
}
Event: 34.929 GC heap before
{Heap before GC invocations=19 (full 0):
 garbage-first heap   total 105472K, used 81773K [0x0000000080000000, 0x0000000100000000)
  region size 1024K, 43 young (44032K), 1 survivors (1024K)
 Metaspace       used 41235K, committed 41920K, reserved 1114112K
  class space    used 5893K, committed 6208K, reserved 1048576K
}
Event: 34.935 GC heap after
{Heap after GC invocations=20 (full 0):
 garbage-first heap   total 105472K, used 39132K [0x0000000080000000, 0x0000000100000000)
  region size 1024K, 2 young (2048K), 2 survivors (2048K)
 Metaspace       used 41235K, committed 41920K, reserved 1114112K
  class space    used 5893K, committed 6208K, reserved 1048576K
}
Event: 36.273 GC heap before
{Heap before GC invocations=20 (full 0):
 garbage-first heap   total 105472K, used 83164K [0x0000000080000000, 0x0000000100000000)
  region size 1024K, 45 young (46080K), 2 survivors (2048K)
 Metaspace       used 45782K, committed 46464K, reserved 1114112K
  class space    used 6558K, committed 6848K, reserved 1048576K
}
Event: 36.294 GC heap after
{Heap after GC invocations=21 (full 0):
 garbage-first heap   total 105472K, used 40784K [0x0000000080000000, 0x0000000100000000)
  region size 1024K, 3 young (3072K), 3 survivors (3072K)
 Metaspace       used 45782K, committed 46464K, reserved 1114112K
  class space    used 6558K, committed 6848K, reserved 1048576K
}

