# JRE version: OpenJDK Runtime Environment Temurin-17.0.18+8 (17.0.18+8) (build 17.0.18+8)
# Java VM: OpenJDK 64-Bit Server VM Temurin-17.0.18+8 (17.0.18+8, mixed mode, sharing, tiered, compressed oops, compressed class ptrs, g1 gc, windows-amd64)
GC Precious Log:
 CPUs: 8 total, 8 available
 Memory: 3738M
 Large Page Support: Disabled
 NUMA Support: Disabled
 Compressed Oops: Enabled (32-bit)
 Heap Region Size: 1M
 Heap Min Capacity: 8M
 Heap Initial Capacity: 60M
 Heap Max Capacity: 2G
 Pre-touch: Disabled
 Parallel Workers: 8
 Concurrent Workers: 2
 Concurrent Refinement Workers: 8
 Periodic GC: Disabled
Heap:
 garbage-first heap   total 92160K, used 41808K [0x0000000080000000, 0x0000000100000000)
  region size 1024K, 2 young (2048K), 2 survivors (2048K)
 Metaspace       used 43274K, committed 44032K, reserved 1114112K
  class space    used 6245K, committed 6592K, reserved 1048576K
GC Heap History (20 events):
Event: 6.219 GC heap after
{Heap after GC invocations=8 (full 0):
 garbage-first heap   total 61440K, used 23943K [0x0000000080000000, 0x0000000100000000)
  region size 1024K, 3 young (3072K), 3 survivors (3072K)
 Metaspace       used 20478K, committed 20736K, reserved 1114112K
  class space    used 2813K, committed 2944K, reserved 1048576K
}
Event: 6.340 GC heap before
{Heap before GC invocations=8 (full 0):
 garbage-first heap   total 61440K, used 31111K [0x0000000080000000, 0x0000000100000000)
  region size 1024K, 11 young (11264K), 3 survivors (3072K)
 Metaspace       used 21233K, committed 21504K, reserved 1114112K
  class space    used 2943K, committed 3072K, reserved 1048576K
}
Event: 6.344 GC heap after
{Heap after GC invocations=9 (full 0):
 garbage-first heap   total 73728K, used 24453K [0x0000000080000000, 0x0000000100000000)
  region size 1024K, 2 young (2048K), 2 survivors (2048K)
 Metaspace       used 21233K, committed 21504K, reserved 1114112K
  class space    used 2943K, committed 3072K, reserved 1048576K
}
Event: 7.688 GC heap before
{Heap before GC invocations=10 (full 0):
 garbage-first heap   total 73728K, used 56197K [0x0000000080000000, 0x0000000100000000)
  region size 1024K, 33 young (33792K), 2 survivors (2048K)
 Metaspace       used 25197K, committed 25536K, reserved 1114112K
  class space    used 3547K, committed 3712K, reserved 1048576K
}
Event: 7.692 GC heap after
{Heap after GC invocations=11 (full 0):
 garbage-first heap   total 73728K, used 25917K [0x0000000080000000, 0x0000000100000000)
  region size 1024K, 4 young (4096K), 4 survivors (4096K)
 Metaspace       used 25197K, committed 25536K, reserved 1114112K
  class space    used 3547K, committed 3712K, reserved 1048576K
}
Event: 8.262 GC heap before
{Heap before GC invocations=11 (full 0):
 garbage-first heap   total 73728K, used 56637K [0x0000000080000000, 0x0000000100000000)
  region size 1024K, 34 young (34816K), 4 survivors (4096K)
 Metaspace       used 28511K, committed 28864K, reserved 1114112K
  class space    used 4077K, committed 4224K, reserved 1048576K
}
Event: 8.267 GC heap after
{Heap after GC invocations=12 (full 0):
 garbage-first heap   total 73728K, used 27281K [0x0000000080000000, 0x0000000100000000)
  region size 1024K, 4 young (4096K), 4 survivors (4096K)
 Metaspace       used 28511K, committed 28864K, reserved 1114112K
  class space    used 4077K, committed 4224K, reserved 1048576K
}
Event: 8.885 GC heap before
{Heap before GC invocations=12 (full 0):
 garbage-first heap   total 73728K, used 55953K [0x0000000080000000, 0x0000000100000000)
  region size 1024K, 33 young (33792K), 4 survivors (4096K)
 Metaspace       used 33305K, committed 33728K, reserved 1114112K
  class space    used 4670K, committed 4864K, reserved 1048576K
}
Event: 8.891 GC heap after
{Heap after GC invocations=13 (full 0):
 garbage-first heap   total 73728K, used 30348K [0x0000000080000000, 0x0000000100000000)
  region size 1024K, 5 young (5120K), 5 survivors (5120K)
 Metaspace       used 33305K, committed 33728K, reserved 1114112K
  class space    used 4670K, committed 4864K, reserved 1048576K
}
Event: 9.437 GC heap before
{Heap before GC invocations=13 (full 0):
 garbage-first heap   total 73728K, used 50828K [0x0000000080000000, 0x0000000100000000)
  region size 1024K, 26 young (26624K), 5 survivors (5120K)
 Metaspace       used 35557K, committed 36096K, reserved 1114112K
  class space    used 5007K, committed 5248K, reserved 1048576K
}
Event: 9.449 GC heap after
{Heap after GC invocations=14 (full 0):
 garbage-first heap   total 73728K, used 32363K [0x0000000080000000, 0x0000000100000000)
  region size 1024K, 3 young (3072K), 3 survivors (3072K)
 Metaspace       used 35557K, committed 36096K, reserved 1114112K
  class space    used 5007K, committed 5248K, reserved 1048576K
}
Event: 10.249 GC heap before
{Heap before GC invocations=15 (full 0):
 garbage-first heap   total 73728K, used 56939K [0x0000000080000000, 0x0000000100000000)
  region size 1024K, 27 young (27648K), 3 survivors (3072K)
 Metaspace       used 38323K, committed 38976K, reserved 1114112K
  class space    used 5451K, committed 5760K, reserved 1048576K
}
Event: 10.261 GC heap after
{Heap after GC invocations=16 (full 0):
 garbage-first heap   total 73728K, used 33408K [0x0000000080000000, 0x0000000100000000)
  region size 1024K, 4 young (4096K), 4 survivors (4096K)
 Metaspace       used 38323K, committed 38976K, reserved 1114112K
  class space    used 5451K, committed 5760K, reserved 1048576K
}
Event: 11.007 GC heap before
{Heap before GC invocations=16 (full 0):
 garbage-first heap   total 73728K, used 59008K [0x0000000080000000, 0x0000000100000000)
  region size 1024K, 28 young (28672K), 4 survivors (4096K)
 Metaspace       used 39942K, committed 40576K, reserved 1114112K
  class space    used 5730K, committed 6016K, reserved 1048576K
}
Event: 11.019 GC heap after
{Heap after GC invocations=17 (full 0):
 garbage-first heap   total 73728K, used 38418K [0x0000000080000000, 0x0000000100000000)
  region size 1024K, 4 young (4096K), 4 survivors (4096K)
 Metaspace       used 39942K, committed 40576K, reserved 1114112K
  class space    used 5730K, committed 6016K, reserved 1048576K
}
Event: 11.464 GC heap before
{Heap before GC invocations=17 (full 0):
 garbage-first heap   total 73728K, used 58898K [0x0000000080000000, 0x0000000100000000)
  region size 1024K, 24 young (24576K), 4 survivors (4096K)
 Metaspace       used 41143K, committed 41856K, reserved 1114112K
  class space    used 5903K, committed 6208K, reserved 1048576K
}
Event: 11.475 GC heap after
{Heap after GC invocations=18 (full 0):
 garbage-first heap   total 73728K, used 40696K [0x0000000080000000, 0x0000000100000000)
  region size 1024K, 3 young (3072K), 3 survivors (3072K)
 Metaspace       used 41143K, committed 41856K, reserved 1114112K
  class space    used 5903K, committed 6208K, reserved 1048576K
}
Event: 11.528 GC heap before
{Heap before GC invocations=19 (full 0):
 garbage-first heap   total 92160K, used 58104K [0x0000000080000000, 0x0000000100000000)
  region size 1024K, 20 young (20480K), 3 survivors (3072K)
 Metaspace       used 41143K, committed 41856K, reserved 1114112K
  class space    used 5903K, committed 6208K, reserved 1048576K
}
Event: 11.531 GC heap after
{Heap after GC invocations=20 (full 0):
 garbage-first heap   total 92160K, used 41045K [0x0000000080000000, 0x0000000100000000)
  region size 1024K, 1 young (1024K), 1 survivors (1024K)
 Metaspace       used 41143K, committed 41856K, reserved 1114112K
  class space    used 5903K, committed 6208K, reserved 1048576K
}
Event: 12.014 GC heap before
{Heap before GC invocations=20 (full 0):
 garbage-first heap   total 92160K, used 71765K [0x0000000080000000, 0x0000000100000000)
  region size 1024K, 31 young (31744K), 1 survivors (1024K)
 Metaspace       used 43274K, committed 44032K, reserved 1114112K
  class space    used 6245K, committed 6592K, reserved 1048576K
}

